2024/07/30 23:12:34 - mmengine - INFO - 
------------------------------------------------------------
System environment:
    sys.platform: linux
    Python: 3.10.14 (main, May  6 2024, 19:42:50) [GCC 11.2.0]
    CUDA available: True
    MUSA available: False
    numpy_random_seed: 159418559
    GPU 0,1: Quadro RTX 5000
    CUDA_HOME: /usr/local/cuda-12.1
    NVCC: Cuda compilation tools, release 12.1, V12.1.105
    GCC: gcc (Ubuntu 9.4.0-1ubuntu1~20.04.2) 9.4.0
    PyTorch: 2.1.0+cu121
    PyTorch compiling details: PyTorch built with:
  - GCC 9.3
  - C++ Version: 201703
  - Intel(R) oneAPI Math Kernel Library Version 2022.2-Product Build 20220804 for Intel(R) 64 architecture applications
  - Intel(R) MKL-DNN v3.1.1 (Git Hash 64f6bcbcbab628e96f33a62c3e975f8535a7bde4)
  - OpenMP 201511 (a.k.a. OpenMP 4.5)
  - LAPACK is enabled (usually provided by MKL)
  - NNPACK is enabled
  - CPU capability usage: AVX512
  - CUDA Runtime 12.1
  - NVCC architecture flags: -gencode;arch=compute_50,code=sm_50;-gencode;arch=compute_60,code=sm_60;-gencode;arch=compute_70,code=sm_70;-gencode;arch=compute_75,code=sm_75;-gencode;arch=compute_80,code=sm_80;-gencode;arch=compute_86,code=sm_86;-gencode;arch=compute_90,code=sm_90
  - CuDNN 8.9.7  (built against CUDA 12.2)
    - Built with CuDNN 8.9.2
  - Magma 2.6.1
  - Build settings: BLAS_INFO=mkl, BUILD_TYPE=Release, CUDA_VERSION=12.1, CUDNN_VERSION=8.9.2, CXX_COMPILER=/opt/rh/devtoolset-9/root/usr/bin/c++, CXX_FLAGS= -D_GLIBCXX_USE_CXX11_ABI=0 -fabi-version=11 -fvisibility-inlines-hidden -DUSE_PTHREADPOOL -DNDEBUG -DUSE_KINETO -DLIBKINETO_NOROCTRACER -DUSE_FBGEMM -DUSE_QNNPACK -DUSE_PYTORCH_QNNPACK -DUSE_XNNPACK -DSYMBOLICATE_MOBILE_DEBUG_HANDLE -O2 -fPIC -Wall -Wextra -Werror=return-type -Werror=non-virtual-dtor -Werror=bool-operation -Wnarrowing -Wno-missing-field-initializers -Wno-type-limits -Wno-array-bounds -Wno-unknown-pragmas -Wno-unused-parameter -Wno-unused-function -Wno-unused-result -Wno-strict-overflow -Wno-strict-aliasing -Wno-stringop-overflow -Wno-psabi -Wno-error=pedantic -Wno-error=old-style-cast -Wno-invalid-partial-specialization -Wno-unused-private-field -Wno-aligned-allocation-unavailable -Wno-missing-braces -fdiagnostics-color=always -faligned-new -Wno-unused-but-set-variable -Wno-maybe-uninitialized -fno-math-errno -fno-trapping-math -Werror=format -Werror=cast-function-type -Wno-stringop-overflow, LAPACK_INFO=mkl, PERF_WITH_AVX=1, PERF_WITH_AVX2=1, PERF_WITH_AVX512=1, TORCH_DISABLE_GPU_ASSERTS=ON, TORCH_VERSION=2.1.0, USE_CUDA=ON, USE_CUDNN=ON, USE_EXCEPTION_PTR=1, USE_GFLAGS=OFF, USE_GLOG=OFF, USE_MKL=ON, USE_MKLDNN=ON, USE_MPI=OFF, USE_NCCL=1, USE_NNPACK=ON, USE_OPENMP=ON, USE_ROCM=OFF, 

    TorchVision: 0.16.0+cu121
    OpenCV: 4.10.0
    MMEngine: 0.10.4

Runtime environment:
    cudnn_benchmark: True
    mp_cfg: {'mp_start_method': 'fork', 'opencv_num_threads': 0}
    dist_cfg: {'backend': 'nccl'}
    seed: 159418559
    Distributed launcher: pytorch
    Distributed training: True
    GPU number: 2
------------------------------------------------------------

2024/07/30 23:12:35 - mmengine - INFO - Config:
crop_size = (
    512,
    1024,
)
data_preprocessor = dict(
    bgr_to_rgb=True,
    mean=[
        123.675,
        116.28,
        103.53,
    ],
    pad_val=0,
    seg_pad_val=255,
    size=(
        512,
        1024,
    ),
    std=[
        58.395,
        57.12,
        57.375,
    ],
    type='SegDataPreProcessor')
data_root = 'dataset/Preprocessed_2DSS'
dataset_type = 'seg2DSSDataset'
default_hooks = dict(
    checkpoint=dict(by_epoch=False, interval=4000, type='CheckpointHook'),
    logger=dict(interval=50, log_metric_by_epoch=False, type='LoggerHook'),
    param_scheduler=dict(type='ParamSchedulerHook'),
    sampler_seed=dict(type='DistSamplerSeedHook'),
    timer=dict(type='IterTimerHook'),
    visualization=dict(type='SegVisualizationHook'))
default_scope = 'mmseg'
env_cfg = dict(
    cudnn_benchmark=True,
    dist_cfg=dict(backend='nccl'),
    mp_cfg=dict(mp_start_method='fork', opencv_num_threads=0))
img_ratios = [
    0.5,
    0.75,
    1.0,
    1.25,
    1.5,
    1.75,
]
launcher = 'pytorch'
load_from = None
log_level = 'INFO'
log_processor = dict(by_epoch=False)
model = dict(
    auxiliary_head=dict(
        align_corners=False,
        channels=256,
        concat_input=False,
        dropout_ratio=0.1,
        in_channels=1024,
        in_index=2,
        loss_decode=dict(
            loss_weight=0.4, type='CrossEntropyLoss', use_sigmoid=False),
        norm_cfg=dict(requires_grad=True, type='SyncBN'),
        num_classes=24,
        num_convs=1,
        type='FCNHead'),
    backbone=dict(
        contract_dilation=True,
        depth=50,
        dilations=(
            1,
            1,
            2,
            4,
        ),
        norm_cfg=dict(requires_grad=True, type='SyncBN'),
        norm_eval=False,
        num_stages=4,
        out_indices=(
            0,
            1,
            2,
            3,
        ),
        strides=(
            1,
            2,
            1,
            1,
        ),
        style='pytorch',
        type='ResNetV1c'),
    data_preprocessor=dict(
        bgr_to_rgb=True,
        mean=[
            123.675,
            116.28,
            103.53,
        ],
        pad_val=0,
        seg_pad_val=255,
        size=(
            512,
            1024,
        ),
        std=[
            58.395,
            57.12,
            57.375,
        ],
        type='SegDataPreProcessor'),
    decode_head=dict(
        align_corners=False,
        channels=512,
        dropout_ratio=0.1,
        in_channels=2048,
        in_index=3,
        loss_decode=dict(
            loss_weight=1.0, type='CrossEntropyLoss', use_sigmoid=False),
        norm_cfg=dict(requires_grad=True, type='SyncBN'),
        num_classes=24,
        pool_scales=(
            1,
            2,
            3,
            6,
        ),
        type='PSPHead'),
    pretrained='open-mmlab://resnet50_v1c',
    test_cfg=dict(mode='whole'),
    train_cfg=dict(),
    type='EncoderDecoder')
norm_cfg = dict(requires_grad=True, type='SyncBN')
optim_wrapper = dict(
    clip_grad=None,
    optimizer=dict(lr=0.01, momentum=0.9, type='SGD', weight_decay=0.0005),
    type='OptimWrapper')
optimizer = dict(lr=0.01, momentum=0.9, type='SGD', weight_decay=0.0005)
param_scheduler = [
    dict(
        begin=0,
        by_epoch=False,
        end=40000,
        eta_min=0.0001,
        power=0.9,
        type='PolyLR'),
]
resume = False
test_cfg = dict(type='TestLoop')
test_dataloader = dict(
    batch_size=1,
    dataset=dict(
        data_prefix=dict(
            img_path='images/test', seg_map_path='annotations/test'),
        data_root='dataset/Preprocessed_2DSS',
        pipeline=[
            dict(type='LoadImageFromFile'),
            dict(keep_ratio=True, scale=(
                2048,
                1024,
            ), type='Resize'),
            dict(type='LoadAnnotations'),
            dict(type='PackSegInputs'),
        ],
        type='seg2DSSDataset'),
    num_workers=4,
    persistent_workers=True,
    sampler=dict(shuffle=False, type='DefaultSampler'))
test_evaluator = dict(
    iou_metrics=[
        'mIoU',
    ], type='IoUMetric')
test_pipeline = [
    dict(type='LoadImageFromFile'),
    dict(keep_ratio=True, scale=(
        2048,
        1024,
    ), type='Resize'),
    dict(type='LoadAnnotations'),
    dict(type='PackSegInputs'),
]
train_cfg = dict(max_iters=40000, type='IterBasedTrainLoop', val_interval=4000)
train_dataloader = dict(
    batch_size=2,
    dataset=dict(
        data_prefix=dict(
            img_path='images/training', seg_map_path='annotations/training'),
        data_root='dataset/Preprocessed_2DSS',
        pipeline=[
            dict(type='LoadImageFromFile'),
            dict(type='LoadAnnotations'),
            dict(
                keep_ratio=True,
                ratio_range=(
                    0.5,
                    2.0,
                ),
                scale=(
                    2048,
                    1024,
                ),
                type='RandomResize'),
            dict(
                cat_max_ratio=0.75, crop_size=(
                    512,
                    1024,
                ), type='RandomCrop'),
            dict(prob=0.5, type='RandomFlip'),
            dict(type='PhotoMetricDistortion'),
            dict(type='PackSegInputs'),
        ],
        type='seg2DSSDataset'),
    num_workers=4,
    persistent_workers=True,
    sampler=dict(shuffle=True, type='InfiniteSampler'))
train_pipeline = [
    dict(type='LoadImageFromFile'),
    dict(type='LoadAnnotations'),
    dict(
        keep_ratio=True,
        ratio_range=(
            0.5,
            2.0,
        ),
        scale=(
            2048,
            1024,
        ),
        type='RandomResize'),
    dict(cat_max_ratio=0.75, crop_size=(
        512,
        1024,
    ), type='RandomCrop'),
    dict(prob=0.5, type='RandomFlip'),
    dict(type='PhotoMetricDistortion'),
    dict(type='PackSegInputs'),
]
tta_model = dict(type='SegTTAModel')
tta_pipeline = [
    dict(backend_args=None, type='LoadImageFromFile'),
    dict(
        transforms=[
            [
                dict(keep_ratio=True, scale_factor=0.5, type='Resize'),
                dict(keep_ratio=True, scale_factor=0.75, type='Resize'),
                dict(keep_ratio=True, scale_factor=1.0, type='Resize'),
                dict(keep_ratio=True, scale_factor=1.25, type='Resize'),
                dict(keep_ratio=True, scale_factor=1.5, type='Resize'),
                dict(keep_ratio=True, scale_factor=1.75, type='Resize'),
            ],
            [
                dict(direction='horizontal', prob=0.0, type='RandomFlip'),
                dict(direction='horizontal', prob=1.0, type='RandomFlip'),
            ],
            [
                dict(type='LoadAnnotations'),
            ],
            [
                dict(type='PackSegInputs'),
            ],
        ],
        type='TestTimeAug'),
]
val_cfg = dict(type='ValLoop')
val_dataloader = dict(
    batch_size=1,
    dataset=dict(
        data_prefix=dict(
            img_path='images/validation',
            seg_map_path='annotations/validation'),
        data_root='dataset/Preprocessed_2DSS',
        pipeline=[
            dict(type='LoadImageFromFile'),
            dict(keep_ratio=True, scale=(
                2048,
                1024,
            ), type='Resize'),
            dict(type='LoadAnnotations'),
            dict(type='PackSegInputs'),
        ],
        type='seg2DSSDataset'),
    num_workers=4,
    persistent_workers=True,
    sampler=dict(shuffle=False, type='DefaultSampler'))
val_evaluator = dict(
    iou_metrics=[
        'mIoU',
    ], type='IoUMetric')
vis_backends = [
    dict(type='LocalVisBackend'),
]
visualizer = dict(
    name='visualizer',
    type='SegLocalVisualizer',
    vis_backends=[
        dict(type='LocalVisBackend'),
    ])
work_dir = './work_dirs/pspnet'

2024/07/30 23:12:36 - mmengine - INFO - Hooks will be executed in the following order:
before_run:
(VERY_HIGH   ) RuntimeInfoHook                    
(BELOW_NORMAL) LoggerHook                         
 -------------------- 
before_train:
(VERY_HIGH   ) RuntimeInfoHook                    
(NORMAL      ) IterTimerHook                      
(VERY_LOW    ) CheckpointHook                     
 -------------------- 
before_train_epoch:
(VERY_HIGH   ) RuntimeInfoHook                    
(NORMAL      ) IterTimerHook                      
(NORMAL      ) DistSamplerSeedHook                
 -------------------- 
before_train_iter:
(VERY_HIGH   ) RuntimeInfoHook                    
(NORMAL      ) IterTimerHook                      
 -------------------- 
after_train_iter:
(VERY_HIGH   ) RuntimeInfoHook                    
(NORMAL      ) IterTimerHook                      
(BELOW_NORMAL) LoggerHook                         
(LOW         ) ParamSchedulerHook                 
(VERY_LOW    ) CheckpointHook                     
 -------------------- 
after_train_epoch:
(NORMAL      ) IterTimerHook                      
(LOW         ) ParamSchedulerHook                 
(VERY_LOW    ) CheckpointHook                     
 -------------------- 
before_val:
(VERY_HIGH   ) RuntimeInfoHook                    
 -------------------- 
before_val_epoch:
(NORMAL      ) IterTimerHook                      
 -------------------- 
before_val_iter:
(NORMAL      ) IterTimerHook                      
 -------------------- 
after_val_iter:
(NORMAL      ) IterTimerHook                      
(NORMAL      ) SegVisualizationHook               
(BELOW_NORMAL) LoggerHook                         
 -------------------- 
after_val_epoch:
(VERY_HIGH   ) RuntimeInfoHook                    
(NORMAL      ) IterTimerHook                      
(BELOW_NORMAL) LoggerHook                         
(LOW         ) ParamSchedulerHook                 
(VERY_LOW    ) CheckpointHook                     
 -------------------- 
after_val:
(VERY_HIGH   ) RuntimeInfoHook                    
 -------------------- 
after_train:
(VERY_HIGH   ) RuntimeInfoHook                    
(VERY_LOW    ) CheckpointHook                     
 -------------------- 
before_test:
(VERY_HIGH   ) RuntimeInfoHook                    
 -------------------- 
before_test_epoch:
(NORMAL      ) IterTimerHook                      
 -------------------- 
before_test_iter:
(NORMAL      ) IterTimerHook                      
 -------------------- 
after_test_iter:
(NORMAL      ) IterTimerHook                      
(NORMAL      ) SegVisualizationHook               
(BELOW_NORMAL) LoggerHook                         
 -------------------- 
after_test_epoch:
(VERY_HIGH   ) RuntimeInfoHook                    
(NORMAL      ) IterTimerHook                      
(BELOW_NORMAL) LoggerHook                         
 -------------------- 
after_test:
(VERY_HIGH   ) RuntimeInfoHook                    
 -------------------- 
after_run:
(BELOW_NORMAL) LoggerHook                         
 -------------------- 
2024/07/30 23:12:37 - mmengine - WARNING - The prefix is not set in metric class IoUMetric.
2024/07/30 23:12:37 - mmengine - INFO - load model from: open-mmlab://resnet50_v1c
2024/07/30 23:12:37 - mmengine - INFO - Loads checkpoint by openmmlab backend from path: open-mmlab://resnet50_v1c
2024/07/30 23:12:37 - mmengine - WARNING - The model and loaded state dict do not match exactly

unexpected key in source state_dict: fc.weight, fc.bias

Name of parameter - Initialization information

backbone.stem.0.weight - torch.Size([32, 3, 3, 3]): 
PretrainedInit: load from open-mmlab://resnet50_v1c 

backbone.stem.1.weight - torch.Size([32]): 
PretrainedInit: load from open-mmlab://resnet50_v1c 

backbone.stem.1.bias - torch.Size([32]): 
PretrainedInit: load from open-mmlab://resnet50_v1c 

backbone.stem.3.weight - torch.Size([32, 32, 3, 3]): 
PretrainedInit: load from open-mmlab://resnet50_v1c 

backbone.stem.4.weight - torch.Size([32]): 
PretrainedInit: load from open-mmlab://resnet50_v1c 

backbone.stem.4.bias - torch.Size([32]): 
PretrainedInit: load from open-mmlab://resnet50_v1c 

backbone.stem.6.weight - torch.Size([64, 32, 3, 3]): 
PretrainedInit: load from open-mmlab://resnet50_v1c 

backbone.stem.7.weight - torch.Size([64]): 
PretrainedInit: load from open-mmlab://resnet50_v1c 

backbone.stem.7.bias - torch.Size([64]): 
PretrainedInit: load from open-mmlab://resnet50_v1c 

backbone.layer1.0.conv1.weight - torch.Size([64, 64, 1, 1]): 
PretrainedInit: load from open-mmlab://resnet50_v1c 

backbone.layer1.0.bn1.weight - torch.Size([64]): 
PretrainedInit: load from open-mmlab://resnet50_v1c 

backbone.layer1.0.bn1.bias - torch.Size([64]): 
PretrainedInit: load from open-mmlab://resnet50_v1c 

backbone.layer1.0.conv2.weight - torch.Size([64, 64, 3, 3]): 
PretrainedInit: load from open-mmlab://resnet50_v1c 

backbone.layer1.0.bn2.weight - torch.Size([64]): 
PretrainedInit: load from open-mmlab://resnet50_v1c 

backbone.layer1.0.bn2.bias - torch.Size([64]): 
PretrainedInit: load from open-mmlab://resnet50_v1c 

backbone.layer1.0.conv3.weight - torch.Size([256, 64, 1, 1]): 
PretrainedInit: load from open-mmlab://resnet50_v1c 

backbone.layer1.0.bn3.weight - torch.Size([256]): 
PretrainedInit: load from open-mmlab://resnet50_v1c 

backbone.layer1.0.bn3.bias - torch.Size([256]): 
PretrainedInit: load from open-mmlab://resnet50_v1c 

backbone.layer1.0.downsample.0.weight - torch.Size([256, 64, 1, 1]): 
PretrainedInit: load from open-mmlab://resnet50_v1c 

backbone.layer1.0.downsample.1.weight - torch.Size([256]): 
PretrainedInit: load from open-mmlab://resnet50_v1c 

backbone.layer1.0.downsample.1.bias - torch.Size([256]): 
PretrainedInit: load from open-mmlab://resnet50_v1c 

backbone.layer1.1.conv1.weight - torch.Size([64, 256, 1, 1]): 
PretrainedInit: load from open-mmlab://resnet50_v1c 

backbone.layer1.1.bn1.weight - torch.Size([64]): 
PretrainedInit: load from open-mmlab://resnet50_v1c 

backbone.layer1.1.bn1.bias - torch.Size([64]): 
PretrainedInit: load from open-mmlab://resnet50_v1c 

backbone.layer1.1.conv2.weight - torch.Size([64, 64, 3, 3]): 
PretrainedInit: load from open-mmlab://resnet50_v1c 

backbone.layer1.1.bn2.weight - torch.Size([64]): 
PretrainedInit: load from open-mmlab://resnet50_v1c 

backbone.layer1.1.bn2.bias - torch.Size([64]): 
PretrainedInit: load from open-mmlab://resnet50_v1c 

backbone.layer1.1.conv3.weight - torch.Size([256, 64, 1, 1]): 
PretrainedInit: load from open-mmlab://resnet50_v1c 

backbone.layer1.1.bn3.weight - torch.Size([256]): 
PretrainedInit: load from open-mmlab://resnet50_v1c 

backbone.layer1.1.bn3.bias - torch.Size([256]): 
PretrainedInit: load from open-mmlab://resnet50_v1c 

backbone.layer1.2.conv1.weight - torch.Size([64, 256, 1, 1]): 
PretrainedInit: load from open-mmlab://resnet50_v1c 

backbone.layer1.2.bn1.weight - torch.Size([64]): 
PretrainedInit: load from open-mmlab://resnet50_v1c 

backbone.layer1.2.bn1.bias - torch.Size([64]): 
PretrainedInit: load from open-mmlab://resnet50_v1c 

backbone.layer1.2.conv2.weight - torch.Size([64, 64, 3, 3]): 
PretrainedInit: load from open-mmlab://resnet50_v1c 

backbone.layer1.2.bn2.weight - torch.Size([64]): 
PretrainedInit: load from open-mmlab://resnet50_v1c 

backbone.layer1.2.bn2.bias - torch.Size([64]): 
PretrainedInit: load from open-mmlab://resnet50_v1c 

backbone.layer1.2.conv3.weight - torch.Size([256, 64, 1, 1]): 
PretrainedInit: load from open-mmlab://resnet50_v1c 

backbone.layer1.2.bn3.weight - torch.Size([256]): 
PretrainedInit: load from open-mmlab://resnet50_v1c 

backbone.layer1.2.bn3.bias - torch.Size([256]): 
PretrainedInit: load from open-mmlab://resnet50_v1c 

backbone.layer2.0.conv1.weight - torch.Size([128, 256, 1, 1]): 
PretrainedInit: load from open-mmlab://resnet50_v1c 

backbone.layer2.0.bn1.weight - torch.Size([128]): 
PretrainedInit: load from open-mmlab://resnet50_v1c 

backbone.layer2.0.bn1.bias - torch.Size([128]): 
PretrainedInit: load from open-mmlab://resnet50_v1c 

backbone.layer2.0.conv2.weight - torch.Size([128, 128, 3, 3]): 
PretrainedInit: load from open-mmlab://resnet50_v1c 

backbone.layer2.0.bn2.weight - torch.Size([128]): 
PretrainedInit: load from open-mmlab://resnet50_v1c 

backbone.layer2.0.bn2.bias - torch.Size([128]): 
PretrainedInit: load from open-mmlab://resnet50_v1c 

backbone.layer2.0.conv3.weight - torch.Size([512, 128, 1, 1]): 
PretrainedInit: load from open-mmlab://resnet50_v1c 

backbone.layer2.0.bn3.weight - torch.Size([512]): 
PretrainedInit: load from open-mmlab://resnet50_v1c 

backbone.layer2.0.bn3.bias - torch.Size([512]): 
PretrainedInit: load from open-mmlab://resnet50_v1c 

backbone.layer2.0.downsample.0.weight - torch.Size([512, 256, 1, 1]): 
PretrainedInit: load from open-mmlab://resnet50_v1c 

backbone.layer2.0.downsample.1.weight - torch.Size([512]): 
PretrainedInit: load from open-mmlab://resnet50_v1c 

backbone.layer2.0.downsample.1.bias - torch.Size([512]): 
PretrainedInit: load from open-mmlab://resnet50_v1c 

backbone.layer2.1.conv1.weight - torch.Size([128, 512, 1, 1]): 
PretrainedInit: load from open-mmlab://resnet50_v1c 

backbone.layer2.1.bn1.weight - torch.Size([128]): 
PretrainedInit: load from open-mmlab://resnet50_v1c 

backbone.layer2.1.bn1.bias - torch.Size([128]): 
PretrainedInit: load from open-mmlab://resnet50_v1c 

backbone.layer2.1.conv2.weight - torch.Size([128, 128, 3, 3]): 
PretrainedInit: load from open-mmlab://resnet50_v1c 

backbone.layer2.1.bn2.weight - torch.Size([128]): 
PretrainedInit: load from open-mmlab://resnet50_v1c 

backbone.layer2.1.bn2.bias - torch.Size([128]): 
PretrainedInit: load from open-mmlab://resnet50_v1c 

backbone.layer2.1.conv3.weight - torch.Size([512, 128, 1, 1]): 
PretrainedInit: load from open-mmlab://resnet50_v1c 

backbone.layer2.1.bn3.weight - torch.Size([512]): 
PretrainedInit: load from open-mmlab://resnet50_v1c 

backbone.layer2.1.bn3.bias - torch.Size([512]): 
PretrainedInit: load from open-mmlab://resnet50_v1c 

backbone.layer2.2.conv1.weight - torch.Size([128, 512, 1, 1]): 
PretrainedInit: load from open-mmlab://resnet50_v1c 

backbone.layer2.2.bn1.weight - torch.Size([128]): 
PretrainedInit: load from open-mmlab://resnet50_v1c 

backbone.layer2.2.bn1.bias - torch.Size([128]): 
PretrainedInit: load from open-mmlab://resnet50_v1c 

backbone.layer2.2.conv2.weight - torch.Size([128, 128, 3, 3]): 
PretrainedInit: load from open-mmlab://resnet50_v1c 

backbone.layer2.2.bn2.weight - torch.Size([128]): 
PretrainedInit: load from open-mmlab://resnet50_v1c 

backbone.layer2.2.bn2.bias - torch.Size([128]): 
PretrainedInit: load from open-mmlab://resnet50_v1c 

backbone.layer2.2.conv3.weight - torch.Size([512, 128, 1, 1]): 
PretrainedInit: load from open-mmlab://resnet50_v1c 

backbone.layer2.2.bn3.weight - torch.Size([512]): 
PretrainedInit: load from open-mmlab://resnet50_v1c 

backbone.layer2.2.bn3.bias - torch.Size([512]): 
PretrainedInit: load from open-mmlab://resnet50_v1c 

backbone.layer2.3.conv1.weight - torch.Size([128, 512, 1, 1]): 
PretrainedInit: load from open-mmlab://resnet50_v1c 

backbone.layer2.3.bn1.weight - torch.Size([128]): 
PretrainedInit: load from open-mmlab://resnet50_v1c 

backbone.layer2.3.bn1.bias - torch.Size([128]): 
PretrainedInit: load from open-mmlab://resnet50_v1c 

backbone.layer2.3.conv2.weight - torch.Size([128, 128, 3, 3]): 
PretrainedInit: load from open-mmlab://resnet50_v1c 

backbone.layer2.3.bn2.weight - torch.Size([128]): 
PretrainedInit: load from open-mmlab://resnet50_v1c 

backbone.layer2.3.bn2.bias - torch.Size([128]): 
PretrainedInit: load from open-mmlab://resnet50_v1c 

backbone.layer2.3.conv3.weight - torch.Size([512, 128, 1, 1]): 
PretrainedInit: load from open-mmlab://resnet50_v1c 

backbone.layer2.3.bn3.weight - torch.Size([512]): 
PretrainedInit: load from open-mmlab://resnet50_v1c 

backbone.layer2.3.bn3.bias - torch.Size([512]): 
PretrainedInit: load from open-mmlab://resnet50_v1c 

backbone.layer3.0.conv1.weight - torch.Size([256, 512, 1, 1]): 
PretrainedInit: load from open-mmlab://resnet50_v1c 

backbone.layer3.0.bn1.weight - torch.Size([256]): 
PretrainedInit: load from open-mmlab://resnet50_v1c 

backbone.layer3.0.bn1.bias - torch.Size([256]): 
PretrainedInit: load from open-mmlab://resnet50_v1c 

backbone.layer3.0.conv2.weight - torch.Size([256, 256, 3, 3]): 
PretrainedInit: load from open-mmlab://resnet50_v1c 

backbone.layer3.0.bn2.weight - torch.Size([256]): 
PretrainedInit: load from open-mmlab://resnet50_v1c 

backbone.layer3.0.bn2.bias - torch.Size([256]): 
PretrainedInit: load from open-mmlab://resnet50_v1c 

backbone.layer3.0.conv3.weight - torch.Size([1024, 256, 1, 1]): 
PretrainedInit: load from open-mmlab://resnet50_v1c 

backbone.layer3.0.bn3.weight - torch.Size([1024]): 
PretrainedInit: load from open-mmlab://resnet50_v1c 

backbone.layer3.0.bn3.bias - torch.Size([1024]): 
PretrainedInit: load from open-mmlab://resnet50_v1c 

backbone.layer3.0.downsample.0.weight - torch.Size([1024, 512, 1, 1]): 
PretrainedInit: load from open-mmlab://resnet50_v1c 

backbone.layer3.0.downsample.1.weight - torch.Size([1024]): 
PretrainedInit: load from open-mmlab://resnet50_v1c 

backbone.layer3.0.downsample.1.bias - torch.Size([1024]): 
PretrainedInit: load from open-mmlab://resnet50_v1c 

backbone.layer3.1.conv1.weight - torch.Size([256, 1024, 1, 1]): 
PretrainedInit: load from open-mmlab://resnet50_v1c 

backbone.layer3.1.bn1.weight - torch.Size([256]): 
PretrainedInit: load from open-mmlab://resnet50_v1c 

backbone.layer3.1.bn1.bias - torch.Size([256]): 
PretrainedInit: load from open-mmlab://resnet50_v1c 

backbone.layer3.1.conv2.weight - torch.Size([256, 256, 3, 3]): 
PretrainedInit: load from open-mmlab://resnet50_v1c 

backbone.layer3.1.bn2.weight - torch.Size([256]): 
PretrainedInit: load from open-mmlab://resnet50_v1c 

backbone.layer3.1.bn2.bias - torch.Size([256]): 
PretrainedInit: load from open-mmlab://resnet50_v1c 

backbone.layer3.1.conv3.weight - torch.Size([1024, 256, 1, 1]): 
PretrainedInit: load from open-mmlab://resnet50_v1c 

backbone.layer3.1.bn3.weight - torch.Size([1024]): 
PretrainedInit: load from open-mmlab://resnet50_v1c 

backbone.layer3.1.bn3.bias - torch.Size([1024]): 
PretrainedInit: load from open-mmlab://resnet50_v1c 

backbone.layer3.2.conv1.weight - torch.Size([256, 1024, 1, 1]): 
PretrainedInit: load from open-mmlab://resnet50_v1c 

backbone.layer3.2.bn1.weight - torch.Size([256]): 
PretrainedInit: load from open-mmlab://resnet50_v1c 

backbone.layer3.2.bn1.bias - torch.Size([256]): 
PretrainedInit: load from open-mmlab://resnet50_v1c 

backbone.layer3.2.conv2.weight - torch.Size([256, 256, 3, 3]): 
PretrainedInit: load from open-mmlab://resnet50_v1c 

backbone.layer3.2.bn2.weight - torch.Size([256]): 
PretrainedInit: load from open-mmlab://resnet50_v1c 

backbone.layer3.2.bn2.bias - torch.Size([256]): 
PretrainedInit: load from open-mmlab://resnet50_v1c 

backbone.layer3.2.conv3.weight - torch.Size([1024, 256, 1, 1]): 
PretrainedInit: load from open-mmlab://resnet50_v1c 

backbone.layer3.2.bn3.weight - torch.Size([1024]): 
PretrainedInit: load from open-mmlab://resnet50_v1c 

backbone.layer3.2.bn3.bias - torch.Size([1024]): 
PretrainedInit: load from open-mmlab://resnet50_v1c 

backbone.layer3.3.conv1.weight - torch.Size([256, 1024, 1, 1]): 
PretrainedInit: load from open-mmlab://resnet50_v1c 

backbone.layer3.3.bn1.weight - torch.Size([256]): 
PretrainedInit: load from open-mmlab://resnet50_v1c 

backbone.layer3.3.bn1.bias - torch.Size([256]): 
PretrainedInit: load from open-mmlab://resnet50_v1c 

backbone.layer3.3.conv2.weight - torch.Size([256, 256, 3, 3]): 
PretrainedInit: load from open-mmlab://resnet50_v1c 

backbone.layer3.3.bn2.weight - torch.Size([256]): 
PretrainedInit: load from open-mmlab://resnet50_v1c 

backbone.layer3.3.bn2.bias - torch.Size([256]): 
PretrainedInit: load from open-mmlab://resnet50_v1c 

backbone.layer3.3.conv3.weight - torch.Size([1024, 256, 1, 1]): 
PretrainedInit: load from open-mmlab://resnet50_v1c 

backbone.layer3.3.bn3.weight - torch.Size([1024]): 
PretrainedInit: load from open-mmlab://resnet50_v1c 

backbone.layer3.3.bn3.bias - torch.Size([1024]): 
PretrainedInit: load from open-mmlab://resnet50_v1c 

backbone.layer3.4.conv1.weight - torch.Size([256, 1024, 1, 1]): 
PretrainedInit: load from open-mmlab://resnet50_v1c 

backbone.layer3.4.bn1.weight - torch.Size([256]): 
PretrainedInit: load from open-mmlab://resnet50_v1c 

backbone.layer3.4.bn1.bias - torch.Size([256]): 
PretrainedInit: load from open-mmlab://resnet50_v1c 

backbone.layer3.4.conv2.weight - torch.Size([256, 256, 3, 3]): 
PretrainedInit: load from open-mmlab://resnet50_v1c 

backbone.layer3.4.bn2.weight - torch.Size([256]): 
PretrainedInit: load from open-mmlab://resnet50_v1c 

backbone.layer3.4.bn2.bias - torch.Size([256]): 
PretrainedInit: load from open-mmlab://resnet50_v1c 

backbone.layer3.4.conv3.weight - torch.Size([1024, 256, 1, 1]): 
PretrainedInit: load from open-mmlab://resnet50_v1c 

backbone.layer3.4.bn3.weight - torch.Size([1024]): 
PretrainedInit: load from open-mmlab://resnet50_v1c 

backbone.layer3.4.bn3.bias - torch.Size([1024]): 
PretrainedInit: load from open-mmlab://resnet50_v1c 

backbone.layer3.5.conv1.weight - torch.Size([256, 1024, 1, 1]): 
PretrainedInit: load from open-mmlab://resnet50_v1c 

backbone.layer3.5.bn1.weight - torch.Size([256]): 
PretrainedInit: load from open-mmlab://resnet50_v1c 

backbone.layer3.5.bn1.bias - torch.Size([256]): 
PretrainedInit: load from open-mmlab://resnet50_v1c 

backbone.layer3.5.conv2.weight - torch.Size([256, 256, 3, 3]): 
PretrainedInit: load from open-mmlab://resnet50_v1c 

backbone.layer3.5.bn2.weight - torch.Size([256]): 
PretrainedInit: load from open-mmlab://resnet50_v1c 

backbone.layer3.5.bn2.bias - torch.Size([256]): 
PretrainedInit: load from open-mmlab://resnet50_v1c 

backbone.layer3.5.conv3.weight - torch.Size([1024, 256, 1, 1]): 
PretrainedInit: load from open-mmlab://resnet50_v1c 

backbone.layer3.5.bn3.weight - torch.Size([1024]): 
PretrainedInit: load from open-mmlab://resnet50_v1c 

backbone.layer3.5.bn3.bias - torch.Size([1024]): 
PretrainedInit: load from open-mmlab://resnet50_v1c 

backbone.layer4.0.conv1.weight - torch.Size([512, 1024, 1, 1]): 
PretrainedInit: load from open-mmlab://resnet50_v1c 

backbone.layer4.0.bn1.weight - torch.Size([512]): 
PretrainedInit: load from open-mmlab://resnet50_v1c 

backbone.layer4.0.bn1.bias - torch.Size([512]): 
PretrainedInit: load from open-mmlab://resnet50_v1c 

backbone.layer4.0.conv2.weight - torch.Size([512, 512, 3, 3]): 
PretrainedInit: load from open-mmlab://resnet50_v1c 

backbone.layer4.0.bn2.weight - torch.Size([512]): 
PretrainedInit: load from open-mmlab://resnet50_v1c 

backbone.layer4.0.bn2.bias - torch.Size([512]): 
PretrainedInit: load from open-mmlab://resnet50_v1c 

backbone.layer4.0.conv3.weight - torch.Size([2048, 512, 1, 1]): 
PretrainedInit: load from open-mmlab://resnet50_v1c 

backbone.layer4.0.bn3.weight - torch.Size([2048]): 
PretrainedInit: load from open-mmlab://resnet50_v1c 

backbone.layer4.0.bn3.bias - torch.Size([2048]): 
PretrainedInit: load from open-mmlab://resnet50_v1c 

backbone.layer4.0.downsample.0.weight - torch.Size([2048, 1024, 1, 1]): 
PretrainedInit: load from open-mmlab://resnet50_v1c 

backbone.layer4.0.downsample.1.weight - torch.Size([2048]): 
PretrainedInit: load from open-mmlab://resnet50_v1c 

backbone.layer4.0.downsample.1.bias - torch.Size([2048]): 
PretrainedInit: load from open-mmlab://resnet50_v1c 

backbone.layer4.1.conv1.weight - torch.Size([512, 2048, 1, 1]): 
PretrainedInit: load from open-mmlab://resnet50_v1c 

backbone.layer4.1.bn1.weight - torch.Size([512]): 
PretrainedInit: load from open-mmlab://resnet50_v1c 

backbone.layer4.1.bn1.bias - torch.Size([512]): 
PretrainedInit: load from open-mmlab://resnet50_v1c 

backbone.layer4.1.conv2.weight - torch.Size([512, 512, 3, 3]): 
PretrainedInit: load from open-mmlab://resnet50_v1c 

backbone.layer4.1.bn2.weight - torch.Size([512]): 
PretrainedInit: load from open-mmlab://resnet50_v1c 

backbone.layer4.1.bn2.bias - torch.Size([512]): 
PretrainedInit: load from open-mmlab://resnet50_v1c 

backbone.layer4.1.conv3.weight - torch.Size([2048, 512, 1, 1]): 
PretrainedInit: load from open-mmlab://resnet50_v1c 

backbone.layer4.1.bn3.weight - torch.Size([2048]): 
PretrainedInit: load from open-mmlab://resnet50_v1c 

backbone.layer4.1.bn3.bias - torch.Size([2048]): 
PretrainedInit: load from open-mmlab://resnet50_v1c 

backbone.layer4.2.conv1.weight - torch.Size([512, 2048, 1, 1]): 
PretrainedInit: load from open-mmlab://resnet50_v1c 

backbone.layer4.2.bn1.weight - torch.Size([512]): 
PretrainedInit: load from open-mmlab://resnet50_v1c 

backbone.layer4.2.bn1.bias - torch.Size([512]): 
PretrainedInit: load from open-mmlab://resnet50_v1c 

backbone.layer4.2.conv2.weight - torch.Size([512, 512, 3, 3]): 
PretrainedInit: load from open-mmlab://resnet50_v1c 

backbone.layer4.2.bn2.weight - torch.Size([512]): 
PretrainedInit: load from open-mmlab://resnet50_v1c 

backbone.layer4.2.bn2.bias - torch.Size([512]): 
PretrainedInit: load from open-mmlab://resnet50_v1c 

backbone.layer4.2.conv3.weight - torch.Size([2048, 512, 1, 1]): 
PretrainedInit: load from open-mmlab://resnet50_v1c 

backbone.layer4.2.bn3.weight - torch.Size([2048]): 
PretrainedInit: load from open-mmlab://resnet50_v1c 

backbone.layer4.2.bn3.bias - torch.Size([2048]): 
PretrainedInit: load from open-mmlab://resnet50_v1c 

decode_head.conv_seg.weight - torch.Size([24, 512, 1, 1]): 
NormalInit: mean=0, std=0.01, bias=0 

decode_head.conv_seg.bias - torch.Size([24]): 
NormalInit: mean=0, std=0.01, bias=0 

decode_head.psp_modules.0.1.conv.weight - torch.Size([512, 2048, 1, 1]): 
The value is the same before and after calling `init_weights` of EncoderDecoder  

decode_head.psp_modules.0.1.bn.weight - torch.Size([512]): 
The value is the same before and after calling `init_weights` of EncoderDecoder  

decode_head.psp_modules.0.1.bn.bias - torch.Size([512]): 
The value is the same before and after calling `init_weights` of EncoderDecoder  

decode_head.psp_modules.1.1.conv.weight - torch.Size([512, 2048, 1, 1]): 
The value is the same before and after calling `init_weights` of EncoderDecoder  

decode_head.psp_modules.1.1.bn.weight - torch.Size([512]): 
The value is the same before and after calling `init_weights` of EncoderDecoder  

decode_head.psp_modules.1.1.bn.bias - torch.Size([512]): 
The value is the same before and after calling `init_weights` of EncoderDecoder  

decode_head.psp_modules.2.1.conv.weight - torch.Size([512, 2048, 1, 1]): 
The value is the same before and after calling `init_weights` of EncoderDecoder  

decode_head.psp_modules.2.1.bn.weight - torch.Size([512]): 
The value is the same before and after calling `init_weights` of EncoderDecoder  

decode_head.psp_modules.2.1.bn.bias - torch.Size([512]): 
The value is the same before and after calling `init_weights` of EncoderDecoder  

decode_head.psp_modules.3.1.conv.weight - torch.Size([512, 2048, 1, 1]): 
The value is the same before and after calling `init_weights` of EncoderDecoder  

decode_head.psp_modules.3.1.bn.weight - torch.Size([512]): 
The value is the same before and after calling `init_weights` of EncoderDecoder  

decode_head.psp_modules.3.1.bn.bias - torch.Size([512]): 
The value is the same before and after calling `init_weights` of EncoderDecoder  

decode_head.bottleneck.conv.weight - torch.Size([512, 4096, 3, 3]): 
Initialized by user-defined `init_weights` in ConvModule  

decode_head.bottleneck.bn.weight - torch.Size([512]): 
The value is the same before and after calling `init_weights` of EncoderDecoder  

decode_head.bottleneck.bn.bias - torch.Size([512]): 
The value is the same before and after calling `init_weights` of EncoderDecoder  

auxiliary_head.conv_seg.weight - torch.Size([24, 256, 1, 1]): 
NormalInit: mean=0, std=0.01, bias=0 

auxiliary_head.conv_seg.bias - torch.Size([24]): 
NormalInit: mean=0, std=0.01, bias=0 

auxiliary_head.convs.0.conv.weight - torch.Size([256, 1024, 3, 3]): 
The value is the same before and after calling `init_weights` of EncoderDecoder  

auxiliary_head.convs.0.bn.weight - torch.Size([256]): 
The value is the same before and after calling `init_weights` of EncoderDecoder  

auxiliary_head.convs.0.bn.bias - torch.Size([256]): 
The value is the same before and after calling `init_weights` of EncoderDecoder  
2024/07/30 23:12:37 - mmengine - WARNING - "FileClient" will be deprecated in future. Please use io functions in https://mmengine.readthedocs.io/en/latest/api/fileio.html#file-io
2024/07/30 23:12:37 - mmengine - WARNING - "HardDiskBackend" is the alias of "LocalBackend" and the former will be deprecated in future.
2024/07/30 23:12:37 - mmengine - INFO - Checkpoints will be saved to /home/students/cs/the0807/Autonomous-Driving-Model/segment/mmseg/work_dirs/pspnet.
2024/07/30 23:13:41 - mmengine - INFO - Iter(train) [   50/40000]  lr: 9.9891e-03  eta: 14:08:12  time: 0.7840  data_time: 0.0062  memory: 13696  loss: 2.1078  decode.loss_ce: 1.4074  decode.acc_seg: 40.5322  aux.loss_ce: 0.7004  aux.acc_seg: 43.3105
2024/07/30 23:14:20 - mmengine - INFO - Iter(train) [  100/40000]  lr: 9.9779e-03  eta: 11:24:17  time: 0.7856  data_time: 0.0052  memory: 6114  loss: 1.9253  decode.loss_ce: 1.3127  decode.acc_seg: 59.9519  aux.loss_ce: 0.6127  aux.acc_seg: 68.4560
2024/07/30 23:14:59 - mmengine - INFO - Iter(train) [  150/40000]  lr: 9.9668e-03  eta: 10:29:24  time: 0.7856  data_time: 0.0058  memory: 6114  loss: 1.6588  decode.loss_ce: 1.1037  decode.acc_seg: 68.6012  aux.loss_ce: 0.5551  aux.acc_seg: 55.8620
2024/07/30 23:15:39 - mmengine - INFO - Iter(train) [  200/40000]  lr: 9.9557e-03  eta: 10:01:39  time: 0.7859  data_time: 0.0065  memory: 6114  loss: 1.4041  decode.loss_ce: 0.9094  decode.acc_seg: 69.3566  aux.loss_ce: 0.4947  aux.acc_seg: 58.8600
2024/07/30 23:16:18 - mmengine - INFO - Iter(train) [  250/40000]  lr: 9.9445e-03  eta: 9:44:49  time: 0.7855  data_time: 0.0062  memory: 6114  loss: 1.3630  decode.loss_ce: 0.9105  decode.acc_seg: 52.3527  aux.loss_ce: 0.4525  aux.acc_seg: 43.4241
2024/07/30 23:16:57 - mmengine - INFO - Iter(train) [  300/40000]  lr: 9.9334e-03  eta: 9:33:32  time: 0.7862  data_time: 0.0052  memory: 6114  loss: 1.2530  decode.loss_ce: 0.8386  decode.acc_seg: 79.8907  aux.loss_ce: 0.4144  aux.acc_seg: 76.2365
2024/07/30 23:17:37 - mmengine - INFO - Iter(train) [  350/40000]  lr: 9.9222e-03  eta: 9:25:11  time: 0.7854  data_time: 0.0063  memory: 6114  loss: 1.1771  decode.loss_ce: 0.7663  decode.acc_seg: 77.0567  aux.loss_ce: 0.4108  aux.acc_seg: 58.0899
2024/07/30 23:18:16 - mmengine - INFO - Iter(train) [  400/40000]  lr: 9.9111e-03  eta: 9:18:49  time: 0.7888  data_time: 0.0065  memory: 6114  loss: 1.4782  decode.loss_ce: 0.9372  decode.acc_seg: 83.1931  aux.loss_ce: 0.5410  aux.acc_seg: 72.1743
2024/07/30 23:18:55 - mmengine - INFO - Iter(train) [  450/40000]  lr: 9.8999e-03  eta: 9:13:44  time: 0.7874  data_time: 0.0073  memory: 6114  loss: 1.0700  decode.loss_ce: 0.6943  decode.acc_seg: 84.5857  aux.loss_ce: 0.3757  aux.acc_seg: 77.4648
2024/07/30 23:19:35 - mmengine - INFO - Iter(train) [  500/40000]  lr: 9.8888e-03  eta: 9:09:31  time: 0.7878  data_time: 0.0066  memory: 6114  loss: 1.4162  decode.loss_ce: 0.9297  decode.acc_seg: 70.6584  aux.loss_ce: 0.4865  aux.acc_seg: 59.0525
2024/07/30 23:20:14 - mmengine - INFO - Iter(train) [  550/40000]  lr: 9.8776e-03  eta: 9:05:54  time: 0.7890  data_time: 0.0071  memory: 6114  loss: 1.0472  decode.loss_ce: 0.6465  decode.acc_seg: 89.9631  aux.loss_ce: 0.4006  aux.acc_seg: 85.3381
2024/07/30 23:20:53 - mmengine - INFO - Iter(train) [  600/40000]  lr: 9.8665e-03  eta: 9:02:55  time: 0.7866  data_time: 0.0061  memory: 6114  loss: 0.9397  decode.loss_ce: 0.5886  decode.acc_seg: 82.5354  aux.loss_ce: 0.3511  aux.acc_seg: 60.6662
2024/07/30 23:21:33 - mmengine - INFO - Iter(train) [  650/40000]  lr: 9.8553e-03  eta: 9:00:08  time: 0.7837  data_time: 0.0055  memory: 6114  loss: 1.4685  decode.loss_ce: 1.0370  decode.acc_seg: 54.0557  aux.loss_ce: 0.4315  aux.acc_seg: 61.3812
2024/07/30 23:22:12 - mmengine - INFO - Iter(train) [  700/40000]  lr: 9.8442e-03  eta: 8:57:45  time: 0.7871  data_time: 0.0059  memory: 6114  loss: 1.3990  decode.loss_ce: 0.9154  decode.acc_seg: 57.6773  aux.loss_ce: 0.4836  aux.acc_seg: 51.2603
2024/07/30 23:22:51 - mmengine - INFO - Iter(train) [  750/40000]  lr: 9.8330e-03  eta: 8:55:32  time: 0.7855  data_time: 0.0061  memory: 6114  loss: 1.0552  decode.loss_ce: 0.6949  decode.acc_seg: 86.0154  aux.loss_ce: 0.3602  aux.acc_seg: 83.5482
2024/07/30 23:23:30 - mmengine - INFO - Iter(train) [  800/40000]  lr: 9.8218e-03  eta: 8:53:28  time: 0.7837  data_time: 0.0059  memory: 6114  loss: 1.0341  decode.loss_ce: 0.6371  decode.acc_seg: 84.4095  aux.loss_ce: 0.3970  aux.acc_seg: 70.5733
2024/07/30 23:24:10 - mmengine - INFO - Iter(train) [  850/40000]  lr: 9.8107e-03  eta: 8:51:34  time: 0.7886  data_time: 0.0052  memory: 6114  loss: 1.0217  decode.loss_ce: 0.6203  decode.acc_seg: 77.1879  aux.loss_ce: 0.4015  aux.acc_seg: 75.7637
2024/07/30 23:24:49 - mmengine - INFO - Iter(train) [  900/40000]  lr: 9.7995e-03  eta: 8:49:53  time: 0.7874  data_time: 0.0057  memory: 6114  loss: 1.1235  decode.loss_ce: 0.7522  decode.acc_seg: 89.8953  aux.loss_ce: 0.3713  aux.acc_seg: 87.3934
2024/07/30 23:25:28 - mmengine - INFO - Iter(train) [  950/40000]  lr: 9.7884e-03  eta: 8:48:18  time: 0.7826  data_time: 0.0049  memory: 6114  loss: 1.1867  decode.loss_ce: 0.7919  decode.acc_seg: 80.8149  aux.loss_ce: 0.3947  aux.acc_seg: 79.3644
2024/07/30 23:26:08 - mmengine - INFO - Exp name: pspnet_20240730_231233
2024/07/30 23:26:08 - mmengine - INFO - Iter(train) [ 1000/40000]  lr: 9.7772e-03  eta: 8:46:49  time: 0.7897  data_time: 0.0068  memory: 6114  loss: 0.8226  decode.loss_ce: 0.5074  decode.acc_seg: 91.3472  aux.loss_ce: 0.3152  aux.acc_seg: 77.7990
2024/07/30 23:26:47 - mmengine - INFO - Iter(train) [ 1050/40000]  lr: 9.7660e-03  eta: 8:45:21  time: 0.7854  data_time: 0.0059  memory: 6114  loss: 0.9688  decode.loss_ce: 0.6220  decode.acc_seg: 82.6110  aux.loss_ce: 0.3469  aux.acc_seg: 75.6243
2024/07/30 23:27:26 - mmengine - INFO - Iter(train) [ 1100/40000]  lr: 9.7549e-03  eta: 8:44:00  time: 0.7907  data_time: 0.0075  memory: 6114  loss: 0.8937  decode.loss_ce: 0.5560  decode.acc_seg: 90.0105  aux.loss_ce: 0.3377  aux.acc_seg: 80.1355
2024/07/30 23:28:06 - mmengine - INFO - Iter(train) [ 1150/40000]  lr: 9.7437e-03  eta: 8:42:45  time: 0.7888  data_time: 0.0073  memory: 6114  loss: 1.1025  decode.loss_ce: 0.6995  decode.acc_seg: 53.6826  aux.loss_ce: 0.4030  aux.acc_seg: 41.7254
2024/07/30 23:28:45 - mmengine - INFO - Iter(train) [ 1200/40000]  lr: 9.7325e-03  eta: 8:41:30  time: 0.7869  data_time: 0.0056  memory: 6114  loss: 1.0967  decode.loss_ce: 0.6936  decode.acc_seg: 82.1343  aux.loss_ce: 0.4031  aux.acc_seg: 68.3537
2024/07/30 23:29:24 - mmengine - INFO - Iter(train) [ 1250/40000]  lr: 9.7213e-03  eta: 8:40:17  time: 0.7840  data_time: 0.0057  memory: 6114  loss: 1.0428  decode.loss_ce: 0.6968  decode.acc_seg: 89.3606  aux.loss_ce: 0.3460  aux.acc_seg: 83.6023
2024/07/30 23:30:04 - mmengine - INFO - Iter(train) [ 1300/40000]  lr: 9.7102e-03  eta: 8:39:08  time: 0.7864  data_time: 0.0057  memory: 6114  loss: 0.9135  decode.loss_ce: 0.5355  decode.acc_seg: 87.5824  aux.loss_ce: 0.3780  aux.acc_seg: 67.5673
2024/07/30 23:30:43 - mmengine - INFO - Iter(train) [ 1350/40000]  lr: 9.6990e-03  eta: 8:38:00  time: 0.7839  data_time: 0.0057  memory: 6114  loss: 0.9804  decode.loss_ce: 0.6302  decode.acc_seg: 86.9343  aux.loss_ce: 0.3503  aux.acc_seg: 81.7501
2024/07/30 23:31:22 - mmengine - INFO - Iter(train) [ 1400/40000]  lr: 9.6878e-03  eta: 8:36:55  time: 0.7880  data_time: 0.0053  memory: 6114  loss: 0.8653  decode.loss_ce: 0.5436  decode.acc_seg: 85.0121  aux.loss_ce: 0.3217  aux.acc_seg: 73.6355
2024/07/30 23:32:01 - mmengine - INFO - Iter(train) [ 1450/40000]  lr: 9.6766e-03  eta: 8:35:52  time: 0.7868  data_time: 0.0054  memory: 6114  loss: 1.1123  decode.loss_ce: 0.7231  decode.acc_seg: 73.6841  aux.loss_ce: 0.3892  aux.acc_seg: 58.6962
2024/07/30 23:32:41 - mmengine - INFO - Iter(train) [ 1500/40000]  lr: 9.6655e-03  eta: 8:34:52  time: 0.7857  data_time: 0.0060  memory: 6114  loss: 0.9843  decode.loss_ce: 0.6395  decode.acc_seg: 68.9148  aux.loss_ce: 0.3448  aux.acc_seg: 61.8752
2024/07/30 23:33:20 - mmengine - INFO - Iter(train) [ 1550/40000]  lr: 9.6543e-03  eta: 8:33:50  time: 0.7799  data_time: 0.0059  memory: 6114  loss: 1.2288  decode.loss_ce: 0.7963  decode.acc_seg: 86.9581  aux.loss_ce: 0.4325  aux.acc_seg: 77.1899
2024/07/30 23:33:59 - mmengine - INFO - Iter(train) [ 1600/40000]  lr: 9.6431e-03  eta: 8:32:51  time: 0.7858  data_time: 0.0056  memory: 6114  loss: 0.7531  decode.loss_ce: 0.4625  decode.acc_seg: 89.9734  aux.loss_ce: 0.2906  aux.acc_seg: 85.0530
2024/07/30 23:34:39 - mmengine - INFO - Iter(train) [ 1650/40000]  lr: 9.6319e-03  eta: 8:31:54  time: 0.7874  data_time: 0.0064  memory: 6114  loss: 0.6864  decode.loss_ce: 0.4226  decode.acc_seg: 86.5594  aux.loss_ce: 0.2638  aux.acc_seg: 80.4654
2024/07/30 23:35:18 - mmengine - INFO - Iter(train) [ 1700/40000]  lr: 9.6207e-03  eta: 8:30:59  time: 0.7867  data_time: 0.0057  memory: 6114  loss: 0.7883  decode.loss_ce: 0.4839  decode.acc_seg: 78.7427  aux.loss_ce: 0.3043  aux.acc_seg: 80.1564
2024/07/30 23:35:58 - mmengine - INFO - Iter(train) [ 1750/40000]  lr: 9.6095e-03  eta: 8:30:06  time: 0.7857  data_time: 0.0059  memory: 6114  loss: 0.9046  decode.loss_ce: 0.6011  decode.acc_seg: 90.8765  aux.loss_ce: 0.3035  aux.acc_seg: 89.5210
2024/07/30 23:36:37 - mmengine - INFO - Iter(train) [ 1800/40000]  lr: 9.5983e-03  eta: 8:29:11  time: 0.7830  data_time: 0.0059  memory: 6114  loss: 1.0543  decode.loss_ce: 0.6967  decode.acc_seg: 55.0326  aux.loss_ce: 0.3576  aux.acc_seg: 43.0195
2024/07/30 23:37:16 - mmengine - INFO - Iter(train) [ 1850/40000]  lr: 9.5872e-03  eta: 8:28:16  time: 0.7858  data_time: 0.0060  memory: 6114  loss: 0.8544  decode.loss_ce: 0.5488  decode.acc_seg: 91.7415  aux.loss_ce: 0.3056  aux.acc_seg: 90.9127
2024/07/30 23:37:55 - mmengine - INFO - Iter(train) [ 1900/40000]  lr: 9.5760e-03  eta: 8:27:21  time: 0.7863  data_time: 0.0063  memory: 6114  loss: 0.7448  decode.loss_ce: 0.4397  decode.acc_seg: 75.4396  aux.loss_ce: 0.3051  aux.acc_seg: 55.6537
2024/07/30 23:38:35 - mmengine - INFO - Iter(train) [ 1950/40000]  lr: 9.5648e-03  eta: 8:26:28  time: 0.7828  data_time: 0.0066  memory: 6114  loss: 0.6643  decode.loss_ce: 0.3981  decode.acc_seg: 93.0661  aux.loss_ce: 0.2662  aux.acc_seg: 75.9775
2024/07/30 23:39:14 - mmengine - INFO - Exp name: pspnet_20240730_231233
2024/07/30 23:39:14 - mmengine - INFO - Iter(train) [ 2000/40000]  lr: 9.5536e-03  eta: 8:25:37  time: 0.7900  data_time: 0.0050  memory: 6114  loss: 0.7443  decode.loss_ce: 0.4844  decode.acc_seg: 91.9516  aux.loss_ce: 0.2599  aux.acc_seg: 92.0903
2024/07/30 23:39:53 - mmengine - INFO - Iter(train) [ 2050/40000]  lr: 9.5424e-03  eta: 8:24:45  time: 0.7854  data_time: 0.0061  memory: 6114  loss: 0.8682  decode.loss_ce: 0.5529  decode.acc_seg: 63.9268  aux.loss_ce: 0.3154  aux.acc_seg: 43.9094
2024/07/30 23:40:33 - mmengine - INFO - Iter(train) [ 2100/40000]  lr: 9.5312e-03  eta: 8:23:54  time: 0.7942  data_time: 0.0063  memory: 6114  loss: 0.9221  decode.loss_ce: 0.5769  decode.acc_seg: 78.3501  aux.loss_ce: 0.3452  aux.acc_seg: 81.9928
2024/07/30 23:41:12 - mmengine - INFO - Iter(train) [ 2150/40000]  lr: 9.5200e-03  eta: 8:23:05  time: 0.7938  data_time: 0.0067  memory: 6114  loss: 0.9006  decode.loss_ce: 0.5862  decode.acc_seg: 84.5242  aux.loss_ce: 0.3144  aux.acc_seg: 86.1355
2024/07/30 23:41:51 - mmengine - INFO - Iter(train) [ 2200/40000]  lr: 9.5088e-03  eta: 8:22:15  time: 0.7879  data_time: 0.0060  memory: 6114  loss: 0.7020  decode.loss_ce: 0.4299  decode.acc_seg: 81.5751  aux.loss_ce: 0.2722  aux.acc_seg: 74.2832
2024/07/30 23:42:30 - mmengine - INFO - Iter(train) [ 2250/40000]  lr: 9.4976e-03  eta: 8:21:24  time: 0.7837  data_time: 0.0052  memory: 6114  loss: 0.7841  decode.loss_ce: 0.4782  decode.acc_seg: 84.9203  aux.loss_ce: 0.3059  aux.acc_seg: 78.0833
2024/07/30 23:43:10 - mmengine - INFO - Iter(train) [ 2300/40000]  lr: 9.4864e-03  eta: 8:20:35  time: 0.7852  data_time: 0.0059  memory: 6114  loss: 0.7736  decode.loss_ce: 0.4792  decode.acc_seg: 77.5829  aux.loss_ce: 0.2944  aux.acc_seg: 65.5647
2024/07/30 23:43:49 - mmengine - INFO - Iter(train) [ 2350/40000]  lr: 9.4752e-03  eta: 8:19:45  time: 0.7841  data_time: 0.0059  memory: 6114  loss: 0.8408  decode.loss_ce: 0.5351  decode.acc_seg: 85.9030  aux.loss_ce: 0.3058  aux.acc_seg: 80.4735
2024/07/30 23:44:28 - mmengine - INFO - Iter(train) [ 2400/40000]  lr: 9.4640e-03  eta: 8:18:59  time: 0.7877  data_time: 0.0065  memory: 6114  loss: 0.8655  decode.loss_ce: 0.5280  decode.acc_seg: 89.6531  aux.loss_ce: 0.3375  aux.acc_seg: 87.9503
2024/07/30 23:45:08 - mmengine - INFO - Iter(train) [ 2450/40000]  lr: 9.4528e-03  eta: 8:18:11  time: 0.7908  data_time: 0.0065  memory: 6114  loss: 0.6293  decode.loss_ce: 0.3938  decode.acc_seg: 94.1528  aux.loss_ce: 0.2354  aux.acc_seg: 91.5526
2024/07/30 23:45:47 - mmengine - INFO - Iter(train) [ 2500/40000]  lr: 9.4416e-03  eta: 8:17:24  time: 0.7842  data_time: 0.0062  memory: 6114  loss: 0.7891  decode.loss_ce: 0.5008  decode.acc_seg: 88.7635  aux.loss_ce: 0.2883  aux.acc_seg: 86.5409
2024/07/30 23:46:26 - mmengine - INFO - Iter(train) [ 2550/40000]  lr: 9.4303e-03  eta: 8:16:37  time: 0.7862  data_time: 0.0064  memory: 6114  loss: 0.7832  decode.loss_ce: 0.4947  decode.acc_seg: 91.1840  aux.loss_ce: 0.2885  aux.acc_seg: 79.6471
2024/07/30 23:47:05 - mmengine - INFO - Iter(train) [ 2600/40000]  lr: 9.4191e-03  eta: 8:15:49  time: 0.7833  data_time: 0.0053  memory: 6114  loss: 0.7263  decode.loss_ce: 0.4332  decode.acc_seg: 85.1260  aux.loss_ce: 0.2931  aux.acc_seg: 82.3758
2024/07/30 23:47:45 - mmengine - INFO - Iter(train) [ 2650/40000]  lr: 9.4079e-03  eta: 8:15:03  time: 0.7853  data_time: 0.0060  memory: 6114  loss: 0.8660  decode.loss_ce: 0.5545  decode.acc_seg: 93.1939  aux.loss_ce: 0.3115  aux.acc_seg: 91.3974
2024/07/30 23:48:24 - mmengine - INFO - Iter(train) [ 2700/40000]  lr: 9.3967e-03  eta: 8:14:18  time: 0.7885  data_time: 0.0076  memory: 6114  loss: 0.6545  decode.loss_ce: 0.4126  decode.acc_seg: 92.7393  aux.loss_ce: 0.2419  aux.acc_seg: 88.9267
2024/07/30 23:49:03 - mmengine - INFO - Iter(train) [ 2750/40000]  lr: 9.3855e-03  eta: 8:13:31  time: 0.7850  data_time: 0.0062  memory: 6114  loss: 1.0653  decode.loss_ce: 0.6688  decode.acc_seg: 87.4611  aux.loss_ce: 0.3966  aux.acc_seg: 72.4418
2024/07/30 23:49:43 - mmengine - INFO - Iter(train) [ 2800/40000]  lr: 9.3743e-03  eta: 8:12:46  time: 0.7901  data_time: 0.0081  memory: 6114  loss: 0.7003  decode.loss_ce: 0.4213  decode.acc_seg: 92.0071  aux.loss_ce: 0.2791  aux.acc_seg: 89.6638
2024/07/30 23:50:22 - mmengine - INFO - Iter(train) [ 2850/40000]  lr: 9.3630e-03  eta: 8:12:00  time: 0.7864  data_time: 0.0056  memory: 6114  loss: 0.9097  decode.loss_ce: 0.6015  decode.acc_seg: 86.0857  aux.loss_ce: 0.3082  aux.acc_seg: 81.4095
2024/07/30 23:51:01 - mmengine - INFO - Iter(train) [ 2900/40000]  lr: 9.3518e-03  eta: 8:11:14  time: 0.7818  data_time: 0.0064  memory: 6114  loss: 0.7259  decode.loss_ce: 0.4622  decode.acc_seg: 58.3822  aux.loss_ce: 0.2637  aux.acc_seg: 74.7690
2024/07/30 23:51:40 - mmengine - INFO - Iter(train) [ 2950/40000]  lr: 9.3406e-03  eta: 8:10:29  time: 0.7843  data_time: 0.0068  memory: 6114  loss: 0.7365  decode.loss_ce: 0.4565  decode.acc_seg: 84.0978  aux.loss_ce: 0.2800  aux.acc_seg: 80.2697
2024/07/30 23:52:20 - mmengine - INFO - Exp name: pspnet_20240730_231233
2024/07/30 23:52:20 - mmengine - INFO - Iter(train) [ 3000/40000]  lr: 9.3294e-03  eta: 8:09:43  time: 0.7835  data_time: 0.0062  memory: 6114  loss: 0.8140  decode.loss_ce: 0.5280  decode.acc_seg: 92.0198  aux.loss_ce: 0.2860  aux.acc_seg: 88.3688
2024/07/30 23:52:59 - mmengine - INFO - Iter(train) [ 3050/40000]  lr: 9.3182e-03  eta: 8:08:58  time: 0.7846  data_time: 0.0062  memory: 6114  loss: 0.6842  decode.loss_ce: 0.4391  decode.acc_seg: 80.0432  aux.loss_ce: 0.2451  aux.acc_seg: 73.4301
2024/07/30 23:53:38 - mmengine - INFO - Iter(train) [ 3100/40000]  lr: 9.3069e-03  eta: 8:08:13  time: 0.7853  data_time: 0.0057  memory: 6114  loss: 0.8648  decode.loss_ce: 0.5401  decode.acc_seg: 90.9092  aux.loss_ce: 0.3247  aux.acc_seg: 84.9437
2024/07/30 23:54:18 - mmengine - INFO - Iter(train) [ 3150/40000]  lr: 9.2957e-03  eta: 8:07:28  time: 0.7859  data_time: 0.0070  memory: 6114  loss: 0.6222  decode.loss_ce: 0.3828  decode.acc_seg: 71.6818  aux.loss_ce: 0.2394  aux.acc_seg: 51.1694
2024/07/30 23:54:57 - mmengine - INFO - Iter(train) [ 3200/40000]  lr: 9.2845e-03  eta: 8:06:44  time: 0.7853  data_time: 0.0063  memory: 6114  loss: 0.6145  decode.loss_ce: 0.3852  decode.acc_seg: 90.4228  aux.loss_ce: 0.2293  aux.acc_seg: 83.2172
2024/07/30 23:55:36 - mmengine - INFO - Iter(train) [ 3250/40000]  lr: 9.2732e-03  eta: 8:06:00  time: 0.7865  data_time: 0.0055  memory: 6114  loss: 0.5207  decode.loss_ce: 0.3290  decode.acc_seg: 95.3166  aux.loss_ce: 0.1916  aux.acc_seg: 90.4485
2024/07/30 23:56:15 - mmengine - INFO - Iter(train) [ 3300/40000]  lr: 9.2620e-03  eta: 8:05:16  time: 0.7832  data_time: 0.0061  memory: 6114  loss: 0.8028  decode.loss_ce: 0.5219  decode.acc_seg: 83.4081  aux.loss_ce: 0.2809  aux.acc_seg: 68.7872
2024/07/30 23:56:55 - mmengine - INFO - Iter(train) [ 3350/40000]  lr: 9.2508e-03  eta: 8:04:31  time: 0.7819  data_time: 0.0058  memory: 6114  loss: 0.7114  decode.loss_ce: 0.4388  decode.acc_seg: 91.1613  aux.loss_ce: 0.2726  aux.acc_seg: 86.5630
2024/07/30 23:57:34 - mmengine - INFO - Iter(train) [ 3400/40000]  lr: 9.2395e-03  eta: 8:03:46  time: 0.7852  data_time: 0.0064  memory: 6114  loss: 0.5802  decode.loss_ce: 0.3723  decode.acc_seg: 93.1932  aux.loss_ce: 0.2079  aux.acc_seg: 87.0184
2024/07/30 23:58:13 - mmengine - INFO - Iter(train) [ 3450/40000]  lr: 9.2283e-03  eta: 8:03:04  time: 0.7836  data_time: 0.0059  memory: 6114  loss: 0.7895  decode.loss_ce: 0.4757  decode.acc_seg: 68.4441  aux.loss_ce: 0.3137  aux.acc_seg: 60.6044
2024/07/30 23:58:52 - mmengine - INFO - Iter(train) [ 3500/40000]  lr: 9.2171e-03  eta: 8:02:21  time: 0.7850  data_time: 0.0054  memory: 6114  loss: 0.7040  decode.loss_ce: 0.4426  decode.acc_seg: 80.1058  aux.loss_ce: 0.2613  aux.acc_seg: 76.2760
2024/07/30 23:59:32 - mmengine - INFO - Iter(train) [ 3550/40000]  lr: 9.2058e-03  eta: 8:01:37  time: 0.7833  data_time: 0.0058  memory: 6114  loss: 0.9460  decode.loss_ce: 0.5996  decode.acc_seg: 81.0985  aux.loss_ce: 0.3464  aux.acc_seg: 75.9523
2024/07/31 00:00:11 - mmengine - INFO - Iter(train) [ 3600/40000]  lr: 9.1946e-03  eta: 8:00:54  time: 0.7867  data_time: 0.0058  memory: 6114  loss: 0.6189  decode.loss_ce: 0.3797  decode.acc_seg: 93.4989  aux.loss_ce: 0.2392  aux.acc_seg: 82.3078
2024/07/31 00:00:50 - mmengine - INFO - Iter(train) [ 3650/40000]  lr: 9.1833e-03  eta: 8:00:11  time: 0.7871  data_time: 0.0064  memory: 6114  loss: 0.5351  decode.loss_ce: 0.3358  decode.acc_seg: 93.7508  aux.loss_ce: 0.1993  aux.acc_seg: 90.4921
2024/07/31 00:01:30 - mmengine - INFO - Iter(train) [ 3700/40000]  lr: 9.1721e-03  eta: 7:59:28  time: 0.7864  data_time: 0.0062  memory: 6114  loss: 0.6702  decode.loss_ce: 0.4417  decode.acc_seg: 87.5879  aux.loss_ce: 0.2285  aux.acc_seg: 82.9318
2024/07/31 00:02:09 - mmengine - INFO - Iter(train) [ 3750/40000]  lr: 9.1608e-03  eta: 7:58:45  time: 0.7865  data_time: 0.0080  memory: 6114  loss: 0.9257  decode.loss_ce: 0.5823  decode.acc_seg: 65.8753  aux.loss_ce: 0.3434  aux.acc_seg: 56.7153
2024/07/31 00:02:48 - mmengine - INFO - Iter(train) [ 3800/40000]  lr: 9.1496e-03  eta: 7:58:01  time: 0.7827  data_time: 0.0060  memory: 6114  loss: 0.5789  decode.loss_ce: 0.3581  decode.acc_seg: 94.3444  aux.loss_ce: 0.2207  aux.acc_seg: 93.4987
2024/07/31 00:03:27 - mmengine - INFO - Iter(train) [ 3850/40000]  lr: 9.1383e-03  eta: 7:57:18  time: 0.7829  data_time: 0.0070  memory: 6114  loss: 0.6732  decode.loss_ce: 0.4185  decode.acc_seg: 84.1571  aux.loss_ce: 0.2546  aux.acc_seg: 74.5707
2024/07/31 00:04:07 - mmengine - INFO - Iter(train) [ 3900/40000]  lr: 9.1271e-03  eta: 7:56:35  time: 0.7856  data_time: 0.0052  memory: 6114  loss: 0.5272  decode.loss_ce: 0.3221  decode.acc_seg: 86.6642  aux.loss_ce: 0.2051  aux.acc_seg: 64.3855
2024/07/31 00:04:46 - mmengine - INFO - Iter(train) [ 3950/40000]  lr: 9.1158e-03  eta: 7:55:54  time: 0.7901  data_time: 0.0065  memory: 6114  loss: 0.5898  decode.loss_ce: 0.3860  decode.acc_seg: 88.0893  aux.loss_ce: 0.2037  aux.acc_seg: 86.3001
2024/07/31 00:05:25 - mmengine - INFO - Exp name: pspnet_20240730_231233
2024/07/31 00:05:25 - mmengine - INFO - Iter(train) [ 4000/40000]  lr: 9.1046e-03  eta: 7:55:11  time: 0.7839  data_time: 0.0042  memory: 6114  loss: 0.4971  decode.loss_ce: 0.2819  decode.acc_seg: 94.0172  aux.loss_ce: 0.2151  aux.acc_seg: 91.8737
2024/07/31 00:05:25 - mmengine - INFO - Saving checkpoint at 4000 iterations
2024/07/31 00:05:45 - mmengine - INFO - Iter(val) [ 50/750]    eta: 0:04:24  time: 0.2730  data_time: 0.0052  memory: 10267  
2024/07/31 00:05:59 - mmengine - INFO - Iter(val) [100/750]    eta: 0:03:31  time: 0.2721  data_time: 0.0045  memory: 1724  
2024/07/31 00:06:12 - mmengine - INFO - Iter(val) [150/750]    eta: 0:03:04  time: 0.2713  data_time: 0.0034  memory: 1724  
2024/07/31 00:06:26 - mmengine - INFO - Iter(val) [200/750]    eta: 0:02:44  time: 0.2707  data_time: 0.0034  memory: 1724  
2024/07/31 00:06:39 - mmengine - INFO - Iter(val) [250/750]    eta: 0:02:26  time: 0.2699  data_time: 0.0035  memory: 1724  
2024/07/31 00:06:53 - mmengine - INFO - Iter(val) [300/750]    eta: 0:02:10  time: 0.2724  data_time: 0.0043  memory: 1724  
2024/07/31 00:07:07 - mmengine - INFO - Iter(val) [350/750]    eta: 0:01:54  time: 0.2706  data_time: 0.0034  memory: 1724  
2024/07/31 00:07:20 - mmengine - INFO - Iter(val) [400/750]    eta: 0:01:39  time: 0.2740  data_time: 0.0040  memory: 1724  
2024/07/31 00:07:34 - mmengine - INFO - Iter(val) [450/750]    eta: 0:01:25  time: 0.2735  data_time: 0.0039  memory: 1724  
2024/07/31 00:07:48 - mmengine - INFO - Iter(val) [500/750]    eta: 0:01:10  time: 0.2711  data_time: 0.0036  memory: 1724  
2024/07/31 00:08:01 - mmengine - INFO - Iter(val) [550/750]    eta: 0:00:56  time: 0.2711  data_time: 0.0035  memory: 1724  
2024/07/31 00:08:15 - mmengine - INFO - Iter(val) [600/750]    eta: 0:00:42  time: 0.2732  data_time: 0.0046  memory: 1724  
2024/07/31 00:08:29 - mmengine - INFO - Iter(val) [650/750]    eta: 0:00:28  time: 0.2746  data_time: 0.0052  memory: 1724  
2024/07/31 00:08:42 - mmengine - INFO - Iter(val) [700/750]    eta: 0:00:14  time: 0.2768  data_time: 0.0066  memory: 1724  
2024/07/31 00:08:56 - mmengine - INFO - Iter(val) [750/750]    eta: 0:00:00  time: 0.2719  data_time: 0.0039  memory: 1724  
2024/07/31 00:08:57 - mmengine - INFO - per class results:
2024/07/31 00:08:57 - mmengine - INFO - 
+------------------------+-------+-------+
|         Class          |  IoU  |  Acc  |
+------------------------+-------+-------+
|          road          | 87.12 |  94.2 |
|        sidewalk        | 51.64 | 55.38 |
|     road roughness     | 23.87 | 24.73 |
|    road boundaries     | 36.57 | 43.72 |
|       crosswalks       | 86.45 | 89.69 |
|          lane          | 61.08 | 72.02 |
|    road color guide    | 50.65 | 53.84 |
|      road marking      | 41.49 | 51.55 |
|        parking         | 19.19 | 20.62 |
|      traffic sign      | 37.87 | 52.98 |
|     traffic light      | 44.69 | 72.72 |
| pole/structural object | 55.45 | 61.77 |
|        building        | 69.04 |  81.9 |
|         tunnel         | 91.24 | 96.86 |
|         bridge         | 25.75 |  26.9 |
|       pedestrian       | 33.01 |  36.2 |
|        vehicle         | 67.68 |  92.5 |
|        bicycle         |  0.0  |  0.0  |
|       motorcycle       |  0.0  |  0.0  |
|   personal mobility    |  0.0  |  0.0  |
|        dynamic         | 20.32 | 21.38 |
|       vegetation       | 77.41 | 90.55 |
|          sky           | 96.22 | 97.12 |
|         static         | 46.09 | 70.65 |
+------------------------+-------+-------+
2024/07/31 00:08:57 - mmengine - INFO - Iter(val) [750/750]    aAcc: 88.7900  mIoU: 46.7800  mAcc: 54.4700  data_time: 0.0046  time: 0.2795
2024/07/31 00:09:36 - mmengine - INFO - Iter(train) [ 4050/40000]  lr: 9.0933e-03  eta: 7:54:37  time: 0.7886  data_time: 0.0063  memory: 6115  loss: 0.5102  decode.loss_ce: 0.2858  decode.acc_seg: 90.3860  aux.loss_ce: 0.2245  aux.acc_seg: 66.6541
2024/07/31 00:10:15 - mmengine - INFO - Iter(train) [ 4100/40000]  lr: 9.0821e-03  eta: 7:53:55  time: 0.7869  data_time: 0.0063  memory: 6115  loss: 1.1381  decode.loss_ce: 0.7682  decode.acc_seg: 44.5307  aux.loss_ce: 0.3698  aux.acc_seg: 45.3226
2024/07/31 00:10:55 - mmengine - INFO - Iter(train) [ 4150/40000]  lr: 9.0708e-03  eta: 7:53:13  time: 0.7852  data_time: 0.0053  memory: 6115  loss: 0.7680  decode.loss_ce: 0.4974  decode.acc_seg: 68.9642  aux.loss_ce: 0.2706  aux.acc_seg: 73.5601
2024/07/31 00:11:34 - mmengine - INFO - Iter(train) [ 4200/40000]  lr: 9.0595e-03  eta: 7:52:32  time: 0.7857  data_time: 0.0060  memory: 6115  loss: 0.7246  decode.loss_ce: 0.4423  decode.acc_seg: 83.4104  aux.loss_ce: 0.2823  aux.acc_seg: 80.0679
2024/07/31 00:12:13 - mmengine - INFO - Iter(train) [ 4250/40000]  lr: 9.0483e-03  eta: 7:51:49  time: 0.7856  data_time: 0.0051  memory: 6115  loss: 0.6802  decode.loss_ce: 0.4356  decode.acc_seg: 92.5238  aux.loss_ce: 0.2445  aux.acc_seg: 93.1399
2024/07/31 00:12:53 - mmengine - INFO - Iter(train) [ 4300/40000]  lr: 9.0370e-03  eta: 7:51:07  time: 0.7859  data_time: 0.0059  memory: 6115  loss: 0.6227  decode.loss_ce: 0.3879  decode.acc_seg: 75.5774  aux.loss_ce: 0.2348  aux.acc_seg: 58.0294
2024/07/31 00:13:32 - mmengine - INFO - Iter(train) [ 4350/40000]  lr: 9.0257e-03  eta: 7:50:25  time: 0.7868  data_time: 0.0073  memory: 6115  loss: 0.6123  decode.loss_ce: 0.3811  decode.acc_seg: 89.3495  aux.loss_ce: 0.2312  aux.acc_seg: 78.7088
2024/07/31 00:14:12 - mmengine - INFO - Iter(train) [ 4400/40000]  lr: 9.0145e-03  eta: 7:49:45  time: 0.7922  data_time: 0.0073  memory: 6115  loss: 0.4417  decode.loss_ce: 0.2551  decode.acc_seg: 93.2735  aux.loss_ce: 0.1866  aux.acc_seg: 91.2627
2024/07/31 00:14:51 - mmengine - INFO - Iter(train) [ 4450/40000]  lr: 9.0032e-03  eta: 7:49:04  time: 0.7867  data_time: 0.0070  memory: 6115  loss: 0.6756  decode.loss_ce: 0.4377  decode.acc_seg: 93.8037  aux.loss_ce: 0.2379  aux.acc_seg: 95.2523
2024/07/31 00:15:30 - mmengine - INFO - Iter(train) [ 4500/40000]  lr: 8.9919e-03  eta: 7:48:22  time: 0.7853  data_time: 0.0058  memory: 6115  loss: 0.7675  decode.loss_ce: 0.4722  decode.acc_seg: 84.3756  aux.loss_ce: 0.2953  aux.acc_seg: 66.0778
2024/07/31 00:16:10 - mmengine - INFO - Iter(train) [ 4550/40000]  lr: 8.9807e-03  eta: 7:47:41  time: 0.7872  data_time: 0.0077  memory: 6115  loss: 0.6487  decode.loss_ce: 0.4174  decode.acc_seg: 86.0309  aux.loss_ce: 0.2313  aux.acc_seg: 87.7565
2024/07/31 00:16:49 - mmengine - INFO - Iter(train) [ 4600/40000]  lr: 8.9694e-03  eta: 7:47:00  time: 0.7905  data_time: 0.0070  memory: 6115  loss: 0.6768  decode.loss_ce: 0.4297  decode.acc_seg: 92.7727  aux.loss_ce: 0.2471  aux.acc_seg: 80.4447
2024/07/31 00:17:28 - mmengine - INFO - Iter(train) [ 4650/40000]  lr: 8.9581e-03  eta: 7:46:18  time: 0.7838  data_time: 0.0066  memory: 6115  loss: 0.4633  decode.loss_ce: 0.2947  decode.acc_seg: 92.7097  aux.loss_ce: 0.1686  aux.acc_seg: 86.9427
2024/07/31 00:18:08 - mmengine - INFO - Iter(train) [ 4700/40000]  lr: 8.9468e-03  eta: 7:45:37  time: 0.7876  data_time: 0.0072  memory: 6115  loss: 0.5153  decode.loss_ce: 0.3260  decode.acc_seg: 85.6835  aux.loss_ce: 0.1893  aux.acc_seg: 65.4295
2024/07/31 00:18:47 - mmengine - INFO - Iter(train) [ 4750/40000]  lr: 8.9356e-03  eta: 7:44:56  time: 0.7908  data_time: 0.0069  memory: 6115  loss: 0.6185  decode.loss_ce: 0.3952  decode.acc_seg: 90.0366  aux.loss_ce: 0.2233  aux.acc_seg: 86.5205
2024/07/31 00:19:26 - mmengine - INFO - Iter(train) [ 4800/40000]  lr: 8.9243e-03  eta: 7:44:15  time: 0.7855  data_time: 0.0069  memory: 6115  loss: 0.9173  decode.loss_ce: 0.5931  decode.acc_seg: 68.2582  aux.loss_ce: 0.3242  aux.acc_seg: 66.8382
2024/07/31 00:20:06 - mmengine - INFO - Iter(train) [ 4850/40000]  lr: 8.9130e-03  eta: 7:43:34  time: 0.7860  data_time: 0.0067  memory: 6115  loss: 0.5416  decode.loss_ce: 0.3213  decode.acc_seg: 92.3254  aux.loss_ce: 0.2202  aux.acc_seg: 88.7673
2024/07/31 00:20:45 - mmengine - INFO - Iter(train) [ 4900/40000]  lr: 8.9017e-03  eta: 7:42:53  time: 0.7880  data_time: 0.0071  memory: 6115  loss: 0.8151  decode.loss_ce: 0.5184  decode.acc_seg: 90.6533  aux.loss_ce: 0.2968  aux.acc_seg: 84.0123
2024/07/31 00:21:24 - mmengine - INFO - Iter(train) [ 4950/40000]  lr: 8.8904e-03  eta: 7:42:11  time: 0.7880  data_time: 0.0054  memory: 6115  loss: 0.5561  decode.loss_ce: 0.3671  decode.acc_seg: 89.0719  aux.loss_ce: 0.1891  aux.acc_seg: 87.4370
2024/07/31 00:22:04 - mmengine - INFO - Exp name: pspnet_20240730_231233
2024/07/31 00:22:04 - mmengine - INFO - Iter(train) [ 5000/40000]  lr: 8.8791e-03  eta: 7:41:30  time: 0.7846  data_time: 0.0057  memory: 6115  loss: 0.8192  decode.loss_ce: 0.5290  decode.acc_seg: 88.6283  aux.loss_ce: 0.2902  aux.acc_seg: 78.0152
2024/07/31 00:22:43 - mmengine - INFO - Iter(train) [ 5050/40000]  lr: 8.8679e-03  eta: 7:40:49  time: 0.7841  data_time: 0.0068  memory: 6115  loss: 0.6242  decode.loss_ce: 0.3849  decode.acc_seg: 61.7824  aux.loss_ce: 0.2394  aux.acc_seg: 50.5761
2024/07/31 00:23:22 - mmengine - INFO - Iter(train) [ 5100/40000]  lr: 8.8566e-03  eta: 7:40:07  time: 0.7824  data_time: 0.0059  memory: 6115  loss: 0.9792  decode.loss_ce: 0.6287  decode.acc_seg: 76.1398  aux.loss_ce: 0.3505  aux.acc_seg: 67.4296
2024/07/31 00:24:02 - mmengine - INFO - Iter(train) [ 5150/40000]  lr: 8.8453e-03  eta: 7:39:25  time: 0.7856  data_time: 0.0049  memory: 6115  loss: 0.6291  decode.loss_ce: 0.3912  decode.acc_seg: 96.0629  aux.loss_ce: 0.2379  aux.acc_seg: 95.0031
2024/07/31 00:24:41 - mmengine - INFO - Iter(train) [ 5200/40000]  lr: 8.8340e-03  eta: 7:38:44  time: 0.7850  data_time: 0.0057  memory: 6115  loss: 0.6545  decode.loss_ce: 0.3996  decode.acc_seg: 90.3209  aux.loss_ce: 0.2549  aux.acc_seg: 89.9626
2024/07/31 00:25:20 - mmengine - INFO - Iter(train) [ 5250/40000]  lr: 8.8227e-03  eta: 7:38:03  time: 0.7855  data_time: 0.0056  memory: 6115  loss: 0.7706  decode.loss_ce: 0.4659  decode.acc_seg: 92.4109  aux.loss_ce: 0.3047  aux.acc_seg: 89.5695
2024/07/31 00:25:59 - mmengine - INFO - Iter(train) [ 5300/40000]  lr: 8.8114e-03  eta: 7:37:21  time: 0.7839  data_time: 0.0059  memory: 6115  loss: 0.9455  decode.loss_ce: 0.6106  decode.acc_seg: 61.1919  aux.loss_ce: 0.3349  aux.acc_seg: 54.5865
2024/07/31 00:26:39 - mmengine - INFO - Iter(train) [ 5350/40000]  lr: 8.8001e-03  eta: 7:36:41  time: 0.7868  data_time: 0.0058  memory: 6115  loss: 0.8276  decode.loss_ce: 0.5360  decode.acc_seg: 74.8656  aux.loss_ce: 0.2916  aux.acc_seg: 64.8354
2024/07/31 00:27:18 - mmengine - INFO - Iter(train) [ 5400/40000]  lr: 8.7888e-03  eta: 7:36:00  time: 0.7893  data_time: 0.0059  memory: 6115  loss: 0.6572  decode.loss_ce: 0.4108  decode.acc_seg: 91.3263  aux.loss_ce: 0.2464  aux.acc_seg: 90.0079
2024/07/31 00:27:57 - mmengine - INFO - Iter(train) [ 5450/40000]  lr: 8.7775e-03  eta: 7:35:19  time: 0.7880  data_time: 0.0066  memory: 6115  loss: 0.6562  decode.loss_ce: 0.4397  decode.acc_seg: 83.1774  aux.loss_ce: 0.2165  aux.acc_seg: 80.4437
2024/07/31 00:28:37 - mmengine - INFO - Iter(train) [ 5500/40000]  lr: 8.7662e-03  eta: 7:34:39  time: 0.7866  data_time: 0.0054  memory: 6115  loss: 0.7053  decode.loss_ce: 0.4546  decode.acc_seg: 90.4979  aux.loss_ce: 0.2507  aux.acc_seg: 74.1682
2024/07/31 00:29:16 - mmengine - INFO - Iter(train) [ 5550/40000]  lr: 8.7549e-03  eta: 7:33:59  time: 0.7903  data_time: 0.0061  memory: 6115  loss: 0.5807  decode.loss_ce: 0.3426  decode.acc_seg: 87.4709  aux.loss_ce: 0.2381  aux.acc_seg: 50.3804
2024/07/31 00:29:55 - mmengine - INFO - Iter(train) [ 5600/40000]  lr: 8.7436e-03  eta: 7:33:17  time: 0.7856  data_time: 0.0074  memory: 6115  loss: 0.8280  decode.loss_ce: 0.5204  decode.acc_seg: 95.9456  aux.loss_ce: 0.3076  aux.acc_seg: 92.8514
2024/07/31 00:30:36 - mmengine - INFO - Iter(train) [ 5650/40000]  lr: 8.7323e-03  eta: 7:32:44  time: 0.7907  data_time: 0.0072  memory: 6115  loss: 0.8825  decode.loss_ce: 0.5842  decode.acc_seg: 61.6764  aux.loss_ce: 0.2983  aux.acc_seg: 61.2894
2024/07/31 00:31:15 - mmengine - INFO - Iter(train) [ 5700/40000]  lr: 8.7210e-03  eta: 7:32:03  time: 0.7905  data_time: 0.0068  memory: 6115  loss: 0.7255  decode.loss_ce: 0.4873  decode.acc_seg: 90.9456  aux.loss_ce: 0.2382  aux.acc_seg: 93.7351
2024/07/31 00:31:55 - mmengine - INFO - Iter(train) [ 5750/40000]  lr: 8.7096e-03  eta: 7:31:23  time: 0.7917  data_time: 0.0064  memory: 6115  loss: 0.5872  decode.loss_ce: 0.3781  decode.acc_seg: 54.4713  aux.loss_ce: 0.2091  aux.acc_seg: 60.5217
2024/07/31 00:32:34 - mmengine - INFO - Iter(train) [ 5800/40000]  lr: 8.6983e-03  eta: 7:30:43  time: 0.7856  data_time: 0.0049  memory: 6115  loss: 0.7824  decode.loss_ce: 0.4951  decode.acc_seg: 74.9393  aux.loss_ce: 0.2874  aux.acc_seg: 74.8655
2024/07/31 00:33:15 - mmengine - INFO - Iter(train) [ 5850/40000]  lr: 8.6870e-03  eta: 7:30:08  time: 0.7905  data_time: 0.0069  memory: 6115  loss: 0.5705  decode.loss_ce: 0.3641  decode.acc_seg: 96.6295  aux.loss_ce: 0.2064  aux.acc_seg: 95.6432
2024/07/31 00:33:55 - mmengine - INFO - Iter(train) [ 5900/40000]  lr: 8.6757e-03  eta: 7:29:33  time: 0.7843  data_time: 0.0057  memory: 6115  loss: 0.7087  decode.loss_ce: 0.4487  decode.acc_seg: 96.4718  aux.loss_ce: 0.2600  aux.acc_seg: 83.3620
2024/07/31 00:34:34 - mmengine - INFO - Iter(train) [ 5950/40000]  lr: 8.6644e-03  eta: 7:28:52  time: 0.7834  data_time: 0.0067  memory: 6115  loss: 0.7630  decode.loss_ce: 0.4891  decode.acc_seg: 86.6526  aux.loss_ce: 0.2738  aux.acc_seg: 84.7612
2024/07/31 00:34:58 - mmengine - INFO - Exp name: pspnet_20240730_231233
2024/07/31 00:35:14 - mmengine - INFO - Exp name: pspnet_20240730_231233
2024/07/31 00:35:14 - mmengine - INFO - Iter(train) [ 6000/40000]  lr: 8.6531e-03  eta: 7:28:11  time: 0.7831  data_time: 0.0064  memory: 6115  loss: 0.6289  decode.loss_ce: 0.4062  decode.acc_seg: 91.3915  aux.loss_ce: 0.2227  aux.acc_seg: 90.5104
2024/07/31 00:35:53 - mmengine - INFO - Iter(train) [ 6050/40000]  lr: 8.6417e-03  eta: 7:27:31  time: 0.7904  data_time: 0.0070  memory: 6115  loss: 0.7132  decode.loss_ce: 0.4435  decode.acc_seg: 90.2588  aux.loss_ce: 0.2697  aux.acc_seg: 83.4976
2024/07/31 00:36:32 - mmengine - INFO - Iter(train) [ 6100/40000]  lr: 8.6304e-03  eta: 7:26:50  time: 0.7855  data_time: 0.0066  memory: 6115  loss: 0.7895  decode.loss_ce: 0.4981  decode.acc_seg: 96.4002  aux.loss_ce: 0.2914  aux.acc_seg: 95.0385
2024/07/31 00:37:12 - mmengine - INFO - Iter(train) [ 6150/40000]  lr: 8.6191e-03  eta: 7:26:10  time: 0.7841  data_time: 0.0052  memory: 6115  loss: 0.5256  decode.loss_ce: 0.3143  decode.acc_seg: 56.2921  aux.loss_ce: 0.2113  aux.acc_seg: 50.9836
2024/07/31 00:37:51 - mmengine - INFO - Iter(train) [ 6200/40000]  lr: 8.6078e-03  eta: 7:25:31  time: 0.7804  data_time: 0.0051  memory: 6115  loss: 0.5556  decode.loss_ce: 0.3654  decode.acc_seg: 84.7451  aux.loss_ce: 0.1902  aux.acc_seg: 78.6020
2024/07/31 00:38:31 - mmengine - INFO - Iter(train) [ 6250/40000]  lr: 8.5964e-03  eta: 7:24:51  time: 0.7856  data_time: 0.0055  memory: 6115  loss: 0.5632  decode.loss_ce: 0.3334  decode.acc_seg: 92.1652  aux.loss_ce: 0.2297  aux.acc_seg: 91.6335
2024/07/31 00:39:10 - mmengine - INFO - Iter(train) [ 6300/40000]  lr: 8.5851e-03  eta: 7:24:12  time: 0.7885  data_time: 0.0069  memory: 6115  loss: 0.6895  decode.loss_ce: 0.4079  decode.acc_seg: 89.9259  aux.loss_ce: 0.2817  aux.acc_seg: 85.7219
2024/07/31 00:39:50 - mmengine - INFO - Iter(train) [ 6350/40000]  lr: 8.5738e-03  eta: 7:23:33  time: 0.7876  data_time: 0.0068  memory: 6115  loss: 0.7885  decode.loss_ce: 0.4896  decode.acc_seg: 94.5844  aux.loss_ce: 0.2990  aux.acc_seg: 88.4862
2024/07/31 00:40:31 - mmengine - INFO - Iter(train) [ 6400/40000]  lr: 8.5625e-03  eta: 7:22:58  time: 0.7884  data_time: 0.0063  memory: 6115  loss: 0.7672  decode.loss_ce: 0.4971  decode.acc_seg: 73.1980  aux.loss_ce: 0.2701  aux.acc_seg: 66.5182
2024/07/31 00:41:10 - mmengine - INFO - Iter(train) [ 6450/40000]  lr: 8.5511e-03  eta: 7:22:18  time: 0.7900  data_time: 0.0066  memory: 6115  loss: 0.5010  decode.loss_ce: 0.3256  decode.acc_seg: 94.1054  aux.loss_ce: 0.1755  aux.acc_seg: 93.1909
2024/07/31 00:41:49 - mmengine - INFO - Iter(train) [ 6500/40000]  lr: 8.5398e-03  eta: 7:21:37  time: 0.7878  data_time: 0.0058  memory: 6115  loss: 0.6880  decode.loss_ce: 0.4586  decode.acc_seg: 86.5682  aux.loss_ce: 0.2295  aux.acc_seg: 84.0776
2024/07/31 00:42:29 - mmengine - INFO - Iter(train) [ 6550/40000]  lr: 8.5284e-03  eta: 7:20:56  time: 0.7847  data_time: 0.0059  memory: 6115  loss: 0.6426  decode.loss_ce: 0.3987  decode.acc_seg: 91.3205  aux.loss_ce: 0.2439  aux.acc_seg: 88.5043
2024/07/31 00:43:08 - mmengine - INFO - Iter(train) [ 6600/40000]  lr: 8.5171e-03  eta: 7:20:16  time: 0.7905  data_time: 0.0061  memory: 6115  loss: 0.5551  decode.loss_ce: 0.3463  decode.acc_seg: 94.2105  aux.loss_ce: 0.2087  aux.acc_seg: 89.4072
2024/07/31 00:43:47 - mmengine - INFO - Iter(train) [ 6650/40000]  lr: 8.5058e-03  eta: 7:19:35  time: 0.7893  data_time: 0.0068  memory: 6115  loss: 0.5356  decode.loss_ce: 0.3256  decode.acc_seg: 92.9955  aux.loss_ce: 0.2099  aux.acc_seg: 85.3902
2024/07/31 00:44:27 - mmengine - INFO - Iter(train) [ 6700/40000]  lr: 8.4944e-03  eta: 7:18:55  time: 0.7911  data_time: 0.0049  memory: 6115  loss: 0.9001  decode.loss_ce: 0.5767  decode.acc_seg: 83.9500  aux.loss_ce: 0.3234  aux.acc_seg: 81.0396
2024/07/31 00:45:06 - mmengine - INFO - Iter(train) [ 6750/40000]  lr: 8.4831e-03  eta: 7:18:16  time: 0.7900  data_time: 0.0058  memory: 6115  loss: 0.8020  decode.loss_ce: 0.5149  decode.acc_seg: 81.7101  aux.loss_ce: 0.2871  aux.acc_seg: 76.6315
2024/07/31 00:45:46 - mmengine - INFO - Iter(train) [ 6800/40000]  lr: 8.4717e-03  eta: 7:17:35  time: 0.7875  data_time: 0.0072  memory: 6115  loss: 0.5459  decode.loss_ce: 0.3428  decode.acc_seg: 87.6268  aux.loss_ce: 0.2031  aux.acc_seg: 78.5153
2024/07/31 00:46:26 - mmengine - INFO - Iter(train) [ 6850/40000]  lr: 8.4604e-03  eta: 7:16:59  time: 0.8161  data_time: 0.0060  memory: 6115  loss: 0.6111  decode.loss_ce: 0.3800  decode.acc_seg: 92.7772  aux.loss_ce: 0.2311  aux.acc_seg: 90.6651
2024/07/31 00:47:06 - mmengine - INFO - Iter(train) [ 6900/40000]  lr: 8.4490e-03  eta: 7:16:21  time: 0.7831  data_time: 0.0061  memory: 6115  loss: 0.6284  decode.loss_ce: 0.4168  decode.acc_seg: 87.7736  aux.loss_ce: 0.2116  aux.acc_seg: 88.8203
2024/07/31 00:47:46 - mmengine - INFO - Iter(train) [ 6950/40000]  lr: 8.4377e-03  eta: 7:15:45  time: 0.8235  data_time: 0.0049  memory: 6115  loss: 0.7828  decode.loss_ce: 0.4859  decode.acc_seg: 93.9251  aux.loss_ce: 0.2968  aux.acc_seg: 86.3620
2024/07/31 00:48:25 - mmengine - INFO - Exp name: pspnet_20240730_231233
2024/07/31 00:48:25 - mmengine - INFO - Iter(train) [ 7000/40000]  lr: 8.4263e-03  eta: 7:15:04  time: 0.7817  data_time: 0.0060  memory: 6115  loss: 0.7385  decode.loss_ce: 0.4672  decode.acc_seg: 91.0321  aux.loss_ce: 0.2713  aux.acc_seg: 87.4025
2024/07/31 00:49:05 - mmengine - INFO - Iter(train) [ 7050/40000]  lr: 8.4150e-03  eta: 7:14:24  time: 0.7870  data_time: 0.0067  memory: 6115  loss: 0.4938  decode.loss_ce: 0.3058  decode.acc_seg: 94.2166  aux.loss_ce: 0.1880  aux.acc_seg: 93.4266
2024/07/31 00:49:44 - mmengine - INFO - Iter(train) [ 7100/40000]  lr: 8.4036e-03  eta: 7:13:43  time: 0.7851  data_time: 0.0058  memory: 6115  loss: 0.6321  decode.loss_ce: 0.3960  decode.acc_seg: 86.4520  aux.loss_ce: 0.2360  aux.acc_seg: 82.2795
2024/07/31 00:50:23 - mmengine - INFO - Iter(train) [ 7150/40000]  lr: 8.3923e-03  eta: 7:13:01  time: 0.7809  data_time: 0.0057  memory: 6115  loss: 0.7675  decode.loss_ce: 0.4960  decode.acc_seg: 71.6580  aux.loss_ce: 0.2715  aux.acc_seg: 61.9436
2024/07/31 00:51:02 - mmengine - INFO - Iter(train) [ 7200/40000]  lr: 8.3809e-03  eta: 7:12:21  time: 0.7909  data_time: 0.0049  memory: 6115  loss: 0.7961  decode.loss_ce: 0.5167  decode.acc_seg: 89.2382  aux.loss_ce: 0.2793  aux.acc_seg: 94.6578
2024/07/31 00:51:42 - mmengine - INFO - Iter(train) [ 7250/40000]  lr: 8.3695e-03  eta: 7:11:41  time: 0.7867  data_time: 0.0067  memory: 6115  loss: 0.5394  decode.loss_ce: 0.3381  decode.acc_seg: 90.4424  aux.loss_ce: 0.2013  aux.acc_seg: 78.0653
2024/07/31 00:52:22 - mmengine - INFO - Iter(train) [ 7300/40000]  lr: 8.3582e-03  eta: 7:11:05  time: 0.7882  data_time: 0.0053  memory: 6115  loss: 0.5631  decode.loss_ce: 0.3468  decode.acc_seg: 95.2926  aux.loss_ce: 0.2163  aux.acc_seg: 91.3107
2024/07/31 00:53:02 - mmengine - INFO - Iter(train) [ 7350/40000]  lr: 8.3468e-03  eta: 7:10:24  time: 0.7859  data_time: 0.0063  memory: 6115  loss: 0.5849  decode.loss_ce: 0.3531  decode.acc_seg: 81.8400  aux.loss_ce: 0.2318  aux.acc_seg: 83.6927
2024/07/31 00:53:41 - mmengine - INFO - Iter(train) [ 7400/40000]  lr: 8.3354e-03  eta: 7:09:43  time: 0.7856  data_time: 0.0067  memory: 6115  loss: 0.6991  decode.loss_ce: 0.4553  decode.acc_seg: 93.3804  aux.loss_ce: 0.2438  aux.acc_seg: 92.3185
2024/07/31 00:54:20 - mmengine - INFO - Iter(train) [ 7450/40000]  lr: 8.3241e-03  eta: 7:09:03  time: 0.7828  data_time: 0.0056  memory: 6115  loss: 0.4553  decode.loss_ce: 0.2837  decode.acc_seg: 90.5445  aux.loss_ce: 0.1716  aux.acc_seg: 87.6186
2024/07/31 00:54:59 - mmengine - INFO - Iter(train) [ 7500/40000]  lr: 8.3127e-03  eta: 7:08:22  time: 0.7868  data_time: 0.0076  memory: 6115  loss: 0.6010  decode.loss_ce: 0.3652  decode.acc_seg: 89.2005  aux.loss_ce: 0.2358  aux.acc_seg: 81.6608
2024/07/31 00:55:39 - mmengine - INFO - Iter(train) [ 7550/40000]  lr: 8.3013e-03  eta: 7:07:42  time: 0.7884  data_time: 0.0066  memory: 6115  loss: 0.4366  decode.loss_ce: 0.2663  decode.acc_seg: 91.6188  aux.loss_ce: 0.1703  aux.acc_seg: 86.7913
2024/07/31 00:56:18 - mmengine - INFO - Iter(train) [ 7600/40000]  lr: 8.2900e-03  eta: 7:07:01  time: 0.7890  data_time: 0.0060  memory: 6115  loss: 0.6506  decode.loss_ce: 0.4464  decode.acc_seg: 89.6543  aux.loss_ce: 0.2042  aux.acc_seg: 89.0747
2024/07/31 00:56:57 - mmengine - INFO - Iter(train) [ 7650/40000]  lr: 8.2786e-03  eta: 7:06:20  time: 0.7839  data_time: 0.0058  memory: 6115  loss: 0.4681  decode.loss_ce: 0.2950  decode.acc_seg: 89.7818  aux.loss_ce: 0.1731  aux.acc_seg: 88.2532
2024/07/31 00:57:37 - mmengine - INFO - Iter(train) [ 7700/40000]  lr: 8.2672e-03  eta: 7:05:40  time: 0.7836  data_time: 0.0056  memory: 6115  loss: 0.5024  decode.loss_ce: 0.3315  decode.acc_seg: 93.2282  aux.loss_ce: 0.1709  aux.acc_seg: 91.2598
2024/07/31 00:58:16 - mmengine - INFO - Iter(train) [ 7750/40000]  lr: 8.2558e-03  eta: 7:04:59  time: 0.7861  data_time: 0.0056  memory: 6115  loss: 0.6432  decode.loss_ce: 0.3963  decode.acc_seg: 88.3517  aux.loss_ce: 0.2469  aux.acc_seg: 78.3859
2024/07/31 00:58:55 - mmengine - INFO - Iter(train) [ 7800/40000]  lr: 8.2444e-03  eta: 7:04:19  time: 0.7872  data_time: 0.0056  memory: 6115  loss: 0.6822  decode.loss_ce: 0.4431  decode.acc_seg: 78.8710  aux.loss_ce: 0.2391  aux.acc_seg: 77.3041
2024/07/31 00:59:35 - mmengine - INFO - Iter(train) [ 7850/40000]  lr: 8.2331e-03  eta: 7:03:39  time: 0.7902  data_time: 0.0075  memory: 6115  loss: 0.5768  decode.loss_ce: 0.3414  decode.acc_seg: 85.0761  aux.loss_ce: 0.2354  aux.acc_seg: 75.8970
2024/07/31 01:00:14 - mmengine - INFO - Iter(train) [ 7900/40000]  lr: 8.2217e-03  eta: 7:02:58  time: 0.7827  data_time: 0.0059  memory: 6115  loss: 0.5048  decode.loss_ce: 0.3139  decode.acc_seg: 89.3869  aux.loss_ce: 0.1909  aux.acc_seg: 83.7383
2024/07/31 01:00:53 - mmengine - INFO - Iter(train) [ 7950/40000]  lr: 8.2103e-03  eta: 7:02:18  time: 0.7865  data_time: 0.0063  memory: 6115  loss: 1.0384  decode.loss_ce: 0.6793  decode.acc_seg: 80.2085  aux.loss_ce: 0.3590  aux.acc_seg: 73.1889
2024/07/31 01:01:33 - mmengine - INFO - Exp name: pspnet_20240730_231233
2024/07/31 01:01:33 - mmengine - INFO - Iter(train) [ 8000/40000]  lr: 8.1989e-03  eta: 7:01:39  time: 0.8207  data_time: 0.0054  memory: 6115  loss: 0.5283  decode.loss_ce: 0.3339  decode.acc_seg: 93.1889  aux.loss_ce: 0.1944  aux.acc_seg: 91.6871
2024/07/31 01:01:33 - mmengine - INFO - Saving checkpoint at 8000 iterations
2024/07/31 01:01:48 - mmengine - INFO - Iter(val) [ 50/750]    eta: 0:03:20  time: 0.2732  data_time: 0.0043  memory: 1724  
2024/07/31 01:02:02 - mmengine - INFO - Iter(val) [100/750]    eta: 0:03:00  time: 0.2705  data_time: 0.0035  memory: 1724  
2024/07/31 01:02:15 - mmengine - INFO - Iter(val) [150/750]    eta: 0:02:45  time: 0.2725  data_time: 0.0038  memory: 1724  
2024/07/31 01:02:29 - mmengine - INFO - Iter(val) [200/750]    eta: 0:02:31  time: 0.2743  data_time: 0.0049  memory: 1724  
2024/07/31 01:02:43 - mmengine - INFO - Iter(val) [250/750]    eta: 0:02:17  time: 0.2730  data_time: 0.0044  memory: 1724  
2024/07/31 01:02:56 - mmengine - INFO - Iter(val) [300/750]    eta: 0:02:03  time: 0.2752  data_time: 0.0043  memory: 1724  
2024/07/31 01:03:11 - mmengine - INFO - Iter(val) [350/750]    eta: 0:01:50  time: 0.2751  data_time: 0.0044  memory: 1724  
2024/07/31 01:03:25 - mmengine - INFO - Iter(val) [400/750]    eta: 0:01:36  time: 0.2740  data_time: 0.0048  memory: 1724  
2024/07/31 01:03:38 - mmengine - INFO - Iter(val) [450/750]    eta: 0:01:22  time: 0.2726  data_time: 0.0037  memory: 1724  
2024/07/31 01:03:52 - mmengine - INFO - Iter(val) [500/750]    eta: 0:01:09  time: 0.2713  data_time: 0.0039  memory: 1724  
2024/07/31 01:04:06 - mmengine - INFO - Iter(val) [550/750]    eta: 0:00:55  time: 0.2741  data_time: 0.0046  memory: 1724  
2024/07/31 01:04:19 - mmengine - INFO - Iter(val) [600/750]    eta: 0:00:41  time: 0.2722  data_time: 0.0038  memory: 1724  
2024/07/31 01:04:34 - mmengine - INFO - Iter(val) [650/750]    eta: 0:00:27  time: 0.2722  data_time: 0.0038  memory: 1724  
2024/07/31 01:04:48 - mmengine - INFO - Iter(val) [700/750]    eta: 0:00:13  time: 0.2728  data_time: 0.0046  memory: 1724  
2024/07/31 01:05:01 - mmengine - INFO - Iter(val) [750/750]    eta: 0:00:00  time: 0.2730  data_time: 0.0039  memory: 1724  
2024/07/31 01:05:02 - mmengine - INFO - per class results:
2024/07/31 01:05:02 - mmengine - INFO - 
+------------------------+-------+-------+
|         Class          |  IoU  |  Acc  |
+------------------------+-------+-------+
|          road          |  85.8 | 93.81 |
|        sidewalk        |  57.2 | 65.16 |
|     road roughness     | 31.13 | 32.29 |
|    road boundaries     | 42.46 | 50.02 |
|       crosswalks       | 84.58 | 87.23 |
|          lane          |  63.9 | 73.26 |
|    road color guide    | 66.86 | 77.21 |
|      road marking      | 31.87 | 35.14 |
|        parking         | 30.69 | 40.05 |
|      traffic sign      | 46.38 | 54.19 |
|     traffic light      | 55.99 | 69.33 |
| pole/structural object | 62.23 | 73.13 |
|        building        |  70.6 | 93.17 |
|         tunnel         | 92.47 |  94.0 |
|         bridge         | 43.87 | 64.31 |
|       pedestrian       | 42.36 | 49.36 |
|        vehicle         | 71.01 | 84.29 |
|        bicycle         |  0.0  |  0.0  |
|       motorcycle       |  0.0  |  0.0  |
|   personal mobility    |  0.0  |  0.0  |
|        dynamic         | 25.75 |  26.5 |
|       vegetation       | 75.25 | 87.13 |
|          sky           | 96.86 |  97.8 |
|         static         | 47.11 | 58.87 |
+------------------------+-------+-------+
2024/07/31 01:05:02 - mmengine - INFO - Iter(val) [750/750]    aAcc: 89.2500  mIoU: 51.0200  mAcc: 58.5900  data_time: 0.0043  time: 0.2765
2024/07/31 01:05:41 - mmengine - INFO - Iter(train) [ 8050/40000]  lr: 8.1875e-03  eta: 7:01:01  time: 0.7864  data_time: 0.0061  memory: 6115  loss: 0.6627  decode.loss_ce: 0.3969  decode.acc_seg: 89.4175  aux.loss_ce: 0.2658  aux.acc_seg: 83.1796
2024/07/31 01:06:21 - mmengine - INFO - Iter(train) [ 8100/40000]  lr: 8.1761e-03  eta: 7:00:25  time: 0.7916  data_time: 0.0070  memory: 6115  loss: 0.4605  decode.loss_ce: 0.2889  decode.acc_seg: 93.7180  aux.loss_ce: 0.1716  aux.acc_seg: 91.0077
2024/07/31 01:07:02 - mmengine - INFO - Iter(train) [ 8150/40000]  lr: 8.1647e-03  eta: 6:59:49  time: 0.7875  data_time: 0.0062  memory: 6115  loss: 0.5817  decode.loss_ce: 0.3535  decode.acc_seg: 92.8661  aux.loss_ce: 0.2282  aux.acc_seg: 89.0700
2024/07/31 01:07:42 - mmengine - INFO - Iter(train) [ 8200/40000]  lr: 8.1533e-03  eta: 6:59:13  time: 0.8151  data_time: 0.0057  memory: 6115  loss: 0.4768  decode.loss_ce: 0.2922  decode.acc_seg: 86.8098  aux.loss_ce: 0.1846  aux.acc_seg: 74.9587
2024/07/31 01:08:23 - mmengine - INFO - Iter(train) [ 8250/40000]  lr: 8.1419e-03  eta: 6:58:38  time: 0.8201  data_time: 0.0055  memory: 6115  loss: 0.7042  decode.loss_ce: 0.4531  decode.acc_seg: 76.0331  aux.loss_ce: 0.2511  aux.acc_seg: 62.8228
2024/07/31 01:09:04 - mmengine - INFO - Iter(train) [ 8300/40000]  lr: 8.1305e-03  eta: 6:58:02  time: 0.8167  data_time: 0.0060  memory: 6115  loss: 0.4394  decode.loss_ce: 0.2593  decode.acc_seg: 84.3057  aux.loss_ce: 0.1801  aux.acc_seg: 74.3793
2024/07/31 01:09:44 - mmengine - INFO - Iter(train) [ 8350/40000]  lr: 8.1191e-03  eta: 6:57:26  time: 0.7875  data_time: 0.0066  memory: 6115  loss: 0.5048  decode.loss_ce: 0.2745  decode.acc_seg: 91.7483  aux.loss_ce: 0.2303  aux.acc_seg: 91.2301
2024/07/31 01:10:23 - mmengine - INFO - Iter(train) [ 8400/40000]  lr: 8.1077e-03  eta: 6:56:45  time: 0.7835  data_time: 0.0069  memory: 6115  loss: 0.6292  decode.loss_ce: 0.4172  decode.acc_seg: 94.6817  aux.loss_ce: 0.2119  aux.acc_seg: 94.6342
2024/07/31 01:11:03 - mmengine - INFO - Iter(train) [ 8450/40000]  lr: 8.0963e-03  eta: 6:56:04  time: 0.7861  data_time: 0.0062  memory: 6115  loss: 0.6877  decode.loss_ce: 0.4423  decode.acc_seg: 95.8154  aux.loss_ce: 0.2453  aux.acc_seg: 95.4253
2024/07/31 01:11:42 - mmengine - INFO - Iter(train) [ 8500/40000]  lr: 8.0849e-03  eta: 6:55:23  time: 0.7843  data_time: 0.0061  memory: 6115  loss: 0.6082  decode.loss_ce: 0.3881  decode.acc_seg: 83.9231  aux.loss_ce: 0.2201  aux.acc_seg: 79.9090
2024/07/31 01:12:21 - mmengine - INFO - Iter(train) [ 8550/40000]  lr: 8.0735e-03  eta: 6:54:43  time: 0.7879  data_time: 0.0055  memory: 6115  loss: 0.6017  decode.loss_ce: 0.3936  decode.acc_seg: 91.7596  aux.loss_ce: 0.2080  aux.acc_seg: 88.6367
2024/07/31 01:13:00 - mmengine - INFO - Iter(train) [ 8600/40000]  lr: 8.0621e-03  eta: 6:54:03  time: 0.7846  data_time: 0.0054  memory: 6115  loss: 0.4522  decode.loss_ce: 0.2724  decode.acc_seg: 90.3378  aux.loss_ce: 0.1798  aux.acc_seg: 88.2415
2024/07/31 01:13:40 - mmengine - INFO - Iter(train) [ 8650/40000]  lr: 8.0507e-03  eta: 6:53:22  time: 0.7865  data_time: 0.0070  memory: 6115  loss: 0.6493  decode.loss_ce: 0.4338  decode.acc_seg: 56.1388  aux.loss_ce: 0.2155  aux.acc_seg: 56.1882
2024/07/31 01:14:19 - mmengine - INFO - Iter(train) [ 8700/40000]  lr: 8.0393e-03  eta: 6:52:42  time: 0.7854  data_time: 0.0060  memory: 6115  loss: 0.4425  decode.loss_ce: 0.2765  decode.acc_seg: 87.3074  aux.loss_ce: 0.1660  aux.acc_seg: 85.5171
2024/07/31 01:14:58 - mmengine - INFO - Iter(train) [ 8750/40000]  lr: 8.0279e-03  eta: 6:52:01  time: 0.7836  data_time: 0.0060  memory: 6115  loss: 0.6098  decode.loss_ce: 0.3956  decode.acc_seg: 91.7263  aux.loss_ce: 0.2142  aux.acc_seg: 84.4723
2024/07/31 01:15:38 - mmengine - INFO - Iter(train) [ 8800/40000]  lr: 8.0164e-03  eta: 6:51:21  time: 0.7899  data_time: 0.0063  memory: 6115  loss: 0.7356  decode.loss_ce: 0.4803  decode.acc_seg: 89.1051  aux.loss_ce: 0.2552  aux.acc_seg: 89.4061
2024/07/31 01:16:17 - mmengine - INFO - Iter(train) [ 8850/40000]  lr: 8.0050e-03  eta: 6:50:41  time: 0.7841  data_time: 0.0059  memory: 6115  loss: 0.6458  decode.loss_ce: 0.4059  decode.acc_seg: 82.1045  aux.loss_ce: 0.2399  aux.acc_seg: 75.8648
2024/07/31 01:16:56 - mmengine - INFO - Iter(train) [ 8900/40000]  lr: 7.9936e-03  eta: 6:50:00  time: 0.7841  data_time: 0.0065  memory: 6115  loss: 0.6397  decode.loss_ce: 0.4215  decode.acc_seg: 69.3993  aux.loss_ce: 0.2183  aux.acc_seg: 74.8217
2024/07/31 01:17:36 - mmengine - INFO - Iter(train) [ 8950/40000]  lr: 7.9822e-03  eta: 6:49:21  time: 0.7930  data_time: 0.0070  memory: 6115  loss: 0.5987  decode.loss_ce: 0.3594  decode.acc_seg: 82.4221  aux.loss_ce: 0.2394  aux.acc_seg: 83.0913
2024/07/31 01:18:15 - mmengine - INFO - Exp name: pspnet_20240730_231233
2024/07/31 01:18:15 - mmengine - INFO - Iter(train) [ 9000/40000]  lr: 7.9708e-03  eta: 6:48:40  time: 0.7905  data_time: 0.0075  memory: 6115  loss: 0.5780  decode.loss_ce: 0.3464  decode.acc_seg: 96.3701  aux.loss_ce: 0.2316  aux.acc_seg: 96.3891
2024/07/31 01:18:55 - mmengine - INFO - Iter(train) [ 9050/40000]  lr: 7.9593e-03  eta: 6:48:03  time: 0.7896  data_time: 0.0054  memory: 6115  loss: 0.6656  decode.loss_ce: 0.4270  decode.acc_seg: 62.9068  aux.loss_ce: 0.2385  aux.acc_seg: 56.0410
2024/07/31 01:19:35 - mmengine - INFO - Iter(train) [ 9100/40000]  lr: 7.9479e-03  eta: 6:47:22  time: 0.7829  data_time: 0.0055  memory: 6115  loss: 0.6069  decode.loss_ce: 0.3858  decode.acc_seg: 88.6267  aux.loss_ce: 0.2211  aux.acc_seg: 87.0103
2024/07/31 01:20:14 - mmengine - INFO - Iter(train) [ 9150/40000]  lr: 7.9365e-03  eta: 6:46:42  time: 0.7900  data_time: 0.0061  memory: 6115  loss: 0.6582  decode.loss_ce: 0.4174  decode.acc_seg: 96.9703  aux.loss_ce: 0.2408  aux.acc_seg: 91.7171
2024/07/31 01:20:53 - mmengine - INFO - Iter(train) [ 9200/40000]  lr: 7.9250e-03  eta: 6:46:02  time: 0.7869  data_time: 0.0068  memory: 6115  loss: 0.5081  decode.loss_ce: 0.3220  decode.acc_seg: 92.3780  aux.loss_ce: 0.1861  aux.acc_seg: 90.2711
2024/07/31 01:21:33 - mmengine - INFO - Iter(train) [ 9250/40000]  lr: 7.9136e-03  eta: 6:45:22  time: 0.7838  data_time: 0.0062  memory: 6115  loss: 0.6156  decode.loss_ce: 0.3944  decode.acc_seg: 84.0080  aux.loss_ce: 0.2211  aux.acc_seg: 70.3319
2024/07/31 01:22:12 - mmengine - INFO - Iter(train) [ 9300/40000]  lr: 7.9022e-03  eta: 6:44:41  time: 0.7857  data_time: 0.0069  memory: 6115  loss: 0.8865  decode.loss_ce: 0.5732  decode.acc_seg: 85.1138  aux.loss_ce: 0.3134  aux.acc_seg: 75.5498
2024/07/31 01:22:51 - mmengine - INFO - Iter(train) [ 9350/40000]  lr: 7.8907e-03  eta: 6:44:01  time: 0.7865  data_time: 0.0062  memory: 6115  loss: 0.7447  decode.loss_ce: 0.4688  decode.acc_seg: 93.2384  aux.loss_ce: 0.2759  aux.acc_seg: 91.7670
2024/07/31 01:25:27 - mmengine - INFO - Iter(train) [ 9400/40000]  lr: 7.8793e-03  eta: 6:49:38  time: 4.9204  data_time: 0.0056  memory: 6115  loss: 0.7220  decode.loss_ce: 0.4648  decode.acc_seg: 65.0801  aux.loss_ce: 0.2572  aux.acc_seg: 51.2540
2024/07/31 01:29:30 - mmengine - INFO - Iter(train) [ 9450/40000]  lr: 7.8679e-03  eta: 6:59:56  time: 4.9155  data_time: 0.0049  memory: 6115  loss: 0.6273  decode.loss_ce: 0.3802  decode.acc_seg: 93.0193  aux.loss_ce: 0.2471  aux.acc_seg: 89.2868
2024/07/31 01:31:52 - mmengine - INFO - Iter(train) [ 9500/40000]  lr: 7.8564e-03  eta: 7:04:36  time: 0.7780  data_time: 0.0063  memory: 6115  loss: 0.3981  decode.loss_ce: 0.2562  decode.acc_seg: 89.5346  aux.loss_ce: 0.1420  aux.acc_seg: 83.4020
2024/07/31 01:32:31 - mmengine - INFO - Iter(train) [ 9550/40000]  lr: 7.8450e-03  eta: 7:03:45  time: 0.7849  data_time: 0.0078  memory: 6115  loss: 0.7390  decode.loss_ce: 0.4886  decode.acc_seg: 89.5700  aux.loss_ce: 0.2504  aux.acc_seg: 86.5906
2024/07/31 01:33:10 - mmengine - INFO - Iter(train) [ 9600/40000]  lr: 7.8335e-03  eta: 7:02:55  time: 0.7846  data_time: 0.0068  memory: 6115  loss: 1.0845  decode.loss_ce: 0.7140  decode.acc_seg: 79.9176  aux.loss_ce: 0.3705  aux.acc_seg: 75.0160
2024/07/31 01:33:49 - mmengine - INFO - Iter(train) [ 9650/40000]  lr: 7.8221e-03  eta: 7:02:07  time: 0.7964  data_time: 0.0062  memory: 6115  loss: 0.5085  decode.loss_ce: 0.3315  decode.acc_seg: 92.8713  aux.loss_ce: 0.1770  aux.acc_seg: 90.4713
2024/07/31 01:34:29 - mmengine - INFO - Iter(train) [ 9700/40000]  lr: 7.8106e-03  eta: 7:01:18  time: 0.7900  data_time: 0.0073  memory: 6115  loss: 0.7423  decode.loss_ce: 0.4953  decode.acc_seg: 92.5002  aux.loss_ce: 0.2470  aux.acc_seg: 90.6298
2024/07/31 01:35:08 - mmengine - INFO - Iter(train) [ 9750/40000]  lr: 7.7992e-03  eta: 7:00:30  time: 0.7918  data_time: 0.0064  memory: 6115  loss: 0.4675  decode.loss_ce: 0.3007  decode.acc_seg: 93.9097  aux.loss_ce: 0.1668  aux.acc_seg: 89.1036
2024/07/31 01:35:48 - mmengine - INFO - Iter(train) [ 9800/40000]  lr: 7.7877e-03  eta: 6:59:41  time: 0.7881  data_time: 0.0060  memory: 6115  loss: 0.8493  decode.loss_ce: 0.5461  decode.acc_seg: 65.1402  aux.loss_ce: 0.3032  aux.acc_seg: 67.1052
2024/07/31 01:36:27 - mmengine - INFO - Iter(train) [ 9850/40000]  lr: 7.7763e-03  eta: 6:58:53  time: 0.7885  data_time: 0.0070  memory: 6115  loss: 0.5753  decode.loss_ce: 0.3581  decode.acc_seg: 93.6236  aux.loss_ce: 0.2172  aux.acc_seg: 90.3885
2024/07/31 01:37:07 - mmengine - INFO - Iter(train) [ 9900/40000]  lr: 7.7648e-03  eta: 6:58:04  time: 0.7890  data_time: 0.0069  memory: 6115  loss: 0.5589  decode.loss_ce: 0.3644  decode.acc_seg: 88.9011  aux.loss_ce: 0.1945  aux.acc_seg: 88.5940
2024/07/31 01:37:46 - mmengine - INFO - Iter(train) [ 9950/40000]  lr: 7.7533e-03  eta: 6:57:16  time: 0.7841  data_time: 0.0061  memory: 6115  loss: 0.7224  decode.loss_ce: 0.4491  decode.acc_seg: 77.0973  aux.loss_ce: 0.2733  aux.acc_seg: 76.9854
2024/07/31 01:38:26 - mmengine - INFO - Exp name: pspnet_20240730_231233
2024/07/31 01:38:26 - mmengine - INFO - Iter(train) [10000/40000]  lr: 7.7419e-03  eta: 6:56:28  time: 0.7937  data_time: 0.0065  memory: 6115  loss: 0.5441  decode.loss_ce: 0.3266  decode.acc_seg: 84.9600  aux.loss_ce: 0.2175  aux.acc_seg: 83.2961
2024/07/31 01:39:05 - mmengine - INFO - Iter(train) [10050/40000]  lr: 7.7304e-03  eta: 6:55:40  time: 0.7916  data_time: 0.0057  memory: 6115  loss: 0.5781  decode.loss_ce: 0.3601  decode.acc_seg: 87.5247  aux.loss_ce: 0.2180  aux.acc_seg: 87.5379
2024/07/31 01:39:45 - mmengine - INFO - Iter(train) [10100/40000]  lr: 7.7189e-03  eta: 6:54:52  time: 0.7914  data_time: 0.0084  memory: 6115  loss: 0.4381  decode.loss_ce: 0.2529  decode.acc_seg: 94.0496  aux.loss_ce: 0.1852  aux.acc_seg: 88.7560
2024/07/31 01:40:25 - mmengine - INFO - Iter(train) [10150/40000]  lr: 7.7075e-03  eta: 6:54:05  time: 0.7941  data_time: 0.0068  memory: 6115  loss: 0.5560  decode.loss_ce: 0.3581  decode.acc_seg: 94.8803  aux.loss_ce: 0.1979  aux.acc_seg: 89.8023
2024/07/31 01:41:04 - mmengine - INFO - Iter(train) [10200/40000]  lr: 7.6960e-03  eta: 6:53:17  time: 0.7884  data_time: 0.0072  memory: 6115  loss: 0.5619  decode.loss_ce: 0.3512  decode.acc_seg: 72.0575  aux.loss_ce: 0.2108  aux.acc_seg: 62.9438
2024/07/31 01:41:44 - mmengine - INFO - Iter(train) [10250/40000]  lr: 7.6845e-03  eta: 6:52:30  time: 0.7907  data_time: 0.0071  memory: 6115  loss: 0.7822  decode.loss_ce: 0.5320  decode.acc_seg: 78.4267  aux.loss_ce: 0.2501  aux.acc_seg: 80.4652
2024/07/31 01:42:23 - mmengine - INFO - Iter(train) [10300/40000]  lr: 7.6731e-03  eta: 6:51:43  time: 0.7909  data_time: 0.0075  memory: 6115  loss: 0.4986  decode.loss_ce: 0.3038  decode.acc_seg: 53.0915  aux.loss_ce: 0.1948  aux.acc_seg: 56.7211
2024/07/31 01:43:04 - mmengine - INFO - Iter(train) [10350/40000]  lr: 7.6616e-03  eta: 6:50:57  time: 0.8267  data_time: 0.0070  memory: 6115  loss: 0.4692  decode.loss_ce: 0.2898  decode.acc_seg: 91.2522  aux.loss_ce: 0.1794  aux.acc_seg: 90.1204
2024/07/31 01:43:58 - mmengine - INFO - Iter(train) [10400/40000]  lr: 7.6501e-03  eta: 6:50:51  time: 0.7924  data_time: 0.0070  memory: 6115  loss: 0.6972  decode.loss_ce: 0.4537  decode.acc_seg: 88.6462  aux.loss_ce: 0.2434  aux.acc_seg: 81.2992
2024/07/31 01:46:23 - mmengine - INFO - Iter(train) [10450/40000]  lr: 7.6386e-03  eta: 6:55:02  time: 3.3884  data_time: 0.0062  memory: 6115  loss: 0.4565  decode.loss_ce: 0.2852  decode.acc_seg: 96.5170  aux.loss_ce: 0.1713  aux.acc_seg: 94.0468
2024/07/31 01:49:09 - mmengine - INFO - Iter(train) [10500/40000]  lr: 7.6272e-03  eta: 7:00:10  time: 3.3313  data_time: 0.0061  memory: 6115  loss: 0.4912  decode.loss_ce: 0.3032  decode.acc_seg: 74.0434  aux.loss_ce: 0.1880  aux.acc_seg: 70.9538
2024/07/31 01:51:54 - mmengine - INFO - Iter(train) [10550/40000]  lr: 7.6157e-03  eta: 7:05:07  time: 3.3601  data_time: 0.0074  memory: 6115  loss: 0.5576  decode.loss_ce: 0.3272  decode.acc_seg: 91.4736  aux.loss_ce: 0.2304  aux.acc_seg: 88.7824
2024/07/31 01:53:34 - mmengine - INFO - Iter(train) [10600/40000]  lr: 7.6042e-03  eta: 7:07:01  time: 0.7894  data_time: 0.0057  memory: 6115  loss: 0.6050  decode.loss_ce: 0.3795  decode.acc_seg: 62.4346  aux.loss_ce: 0.2255  aux.acc_seg: 72.2507
2024/07/31 01:54:13 - mmengine - INFO - Iter(train) [10650/40000]  lr: 7.5927e-03  eta: 7:06:06  time: 0.7934  data_time: 0.0068  memory: 6115  loss: 0.6204  decode.loss_ce: 0.4034  decode.acc_seg: 71.6962  aux.loss_ce: 0.2170  aux.acc_seg: 70.2342
2024/07/31 01:54:53 - mmengine - INFO - Iter(train) [10700/40000]  lr: 7.5812e-03  eta: 7:05:11  time: 0.7892  data_time: 0.0047  memory: 6115  loss: 0.6195  decode.loss_ce: 0.3741  decode.acc_seg: 78.9240  aux.loss_ce: 0.2454  aux.acc_seg: 76.4916
2024/07/31 01:55:32 - mmengine - INFO - Iter(train) [10750/40000]  lr: 7.5697e-03  eta: 7:04:17  time: 0.7936  data_time: 0.0067  memory: 6115  loss: 0.5950  decode.loss_ce: 0.3842  decode.acc_seg: 87.7377  aux.loss_ce: 0.2107  aux.acc_seg: 78.6866
2024/07/31 01:56:12 - mmengine - INFO - Iter(train) [10800/40000]  lr: 7.5582e-03  eta: 7:03:23  time: 0.7879  data_time: 0.0066  memory: 6115  loss: 0.5582  decode.loss_ce: 0.3616  decode.acc_seg: 95.6597  aux.loss_ce: 0.1966  aux.acc_seg: 94.8757
2024/07/31 01:56:52 - mmengine - INFO - Iter(train) [10850/40000]  lr: 7.5467e-03  eta: 7:02:28  time: 0.7939  data_time: 0.0068  memory: 6115  loss: 0.4450  decode.loss_ce: 0.2933  decode.acc_seg: 90.8488  aux.loss_ce: 0.1517  aux.acc_seg: 88.0132
2024/07/31 01:57:31 - mmengine - INFO - Iter(train) [10900/40000]  lr: 7.5352e-03  eta: 7:01:35  time: 0.7919  data_time: 0.0073  memory: 6115  loss: 0.3878  decode.loss_ce: 0.2560  decode.acc_seg: 86.7290  aux.loss_ce: 0.1318  aux.acc_seg: 87.2556
2024/07/31 01:58:11 - mmengine - INFO - Iter(train) [10950/40000]  lr: 7.5237e-03  eta: 7:00:41  time: 0.7907  data_time: 0.0069  memory: 6115  loss: 0.8579  decode.loss_ce: 0.5928  decode.acc_seg: 68.5127  aux.loss_ce: 0.2651  aux.acc_seg: 71.7054
2024/07/31 01:59:17 - mmengine - INFO - Exp name: pspnet_20240730_231233
2024/07/31 01:59:17 - mmengine - INFO - Iter(train) [11000/40000]  lr: 7.5122e-03  eta: 7:00:57  time: 3.2127  data_time: 0.0063  memory: 6115  loss: 0.5668  decode.loss_ce: 0.3542  decode.acc_seg: 94.0120  aux.loss_ce: 0.2126  aux.acc_seg: 94.0301
2024/07/31 02:02:06 - mmengine - INFO - Iter(train) [11050/40000]  lr: 7.5007e-03  eta: 7:05:43  time: 3.4103  data_time: 0.0068  memory: 6115  loss: 0.4802  decode.loss_ce: 0.2913  decode.acc_seg: 95.0030  aux.loss_ce: 0.1889  aux.acc_seg: 93.4530
2024/07/31 02:03:50 - mmengine - INFO - Iter(train) [11100/40000]  lr: 7.4892e-03  eta: 7:07:35  time: 0.7891  data_time: 0.0071  memory: 6115  loss: 0.6026  decode.loss_ce: 0.3665  decode.acc_seg: 92.9749  aux.loss_ce: 0.2360  aux.acc_seg: 92.6218
2024/07/31 02:04:30 - mmengine - INFO - Iter(train) [11150/40000]  lr: 7.4777e-03  eta: 7:06:38  time: 0.7909  data_time: 0.0067  memory: 6115  loss: 0.4473  decode.loss_ce: 0.2768  decode.acc_seg: 93.2555  aux.loss_ce: 0.1705  aux.acc_seg: 93.1342
2024/07/31 02:05:09 - mmengine - INFO - Iter(train) [11200/40000]  lr: 7.4662e-03  eta: 7:05:41  time: 0.7874  data_time: 0.0059  memory: 6115  loss: 0.5356  decode.loss_ce: 0.3357  decode.acc_seg: 76.3627  aux.loss_ce: 0.1998  aux.acc_seg: 71.8621
